2016-09-27 09:56:27 Notice: Notice (8): Undefined variable: post in [C:\wamp64\www\CakePlugin\src\Template\Posts\edit.ctp, line 7]
Request URL: /posts/edit/1
Referer URL: http://cakeplugin:8080/posts/edit/1
Trace:
Cake\Error\BaseErrorHandler::handleError() - CORE\src\Error\BaseErrorHandler.php, line 146
include - APP/Template\Posts\edit.ctp, line 7
Cake\View\View::_evaluate() - CORE\src\View\View.php, line 1005
Cake\View\View::_render() - CORE\src\View\View.php, line 964
Cake\View\View::render() - CORE\src\View\View.php, line 588
Cake\Controller\Controller::render() - CORE\src\Controller\Controller.php, line 617
Cake\Routing\Dispatcher::_invoke() - CORE\src\Routing\Dispatcher.php, line 121
Cake\Routing\Dispatcher::dispatch() - CORE\src\Routing\Dispatcher.php, line 88
[main] - ROOT\webroot\index.php, line 36



2016-09-27 09:57:05 Notice: Notice (8): Undefined variable: post in [C:\wamp64\www\CakePlugin\src\Template\Posts\edit.ctp, line 4]
Request URL: /posts/edit/1
Referer URL: http://cakeplugin:8080/posts/edit/1
Trace:
Cake\Error\BaseErrorHandler::handleError() - CORE\src\Error\BaseErrorHandler.php, line 146
include - APP/Template\Posts\edit.ctp, line 4
Cake\View\View::_evaluate() - CORE\src\View\View.php, line 1005
Cake\View\View::_render() - CORE\src\View\View.php, line 964
Cake\View\View::render() - CORE\src\View\View.php, line 588
Cake\Controller\Controller::render() - CORE\src\Controller\Controller.php, line 617
Cake\Routing\Dispatcher::_invoke() - CORE\src\Routing\Dispatcher.php, line 121
Cake\Routing\Dispatcher::dispatch() - CORE\src\Routing\Dispatcher.php, line 88
[main] - ROOT\webroot\index.php, line 36



