2016-09-27 07:09:56 Warning: Headers already sent in C:\wamp64\www\CakePlugin\vendor\cakephp\cakephp\src\Routing\Filter\AssetFilter.php:149
2016-09-27 07:10:09 Error: [Cake\Routing\Exception\MissingControllerException] Controller class Home could not be found.
Exception Attributes: array (
  'class' => 'Home',
  'plugin' => NULL,
  'prefix' => NULL,
  '_ext' => NULL,
)
Request URL: /home
Stack Trace:
#0 C:\wamp64\www\CakePlugin\webroot\index.php(36): Cake\Routing\Dispatcher->dispatch(Object(Cake\Network\Request), Object(Cake\Network\Response))
#1 {main}


2016-09-27 09:30:35 Error: [Cake\View\Exception\MissingTemplateException] Template file "Posts\add.ctp" is missing.
Exception Attributes: array (
  'file' => 'Posts\\add.ctp',
)
Request URL: /posts/add
Stack Trace:
#0 C:\wamp64\www\CakePlugin\vendor\cakephp\cakephp\src\View\View.php(585): Cake\View\View->_getViewFileName('Posts\\add')
#1 C:\wamp64\www\CakePlugin\vendor\cakephp\cakephp\src\Controller\Controller.php(617): Cake\View\View->render(NULL, NULL)
#2 C:\wamp64\www\CakePlugin\vendor\cakephp\cakephp\src\Routing\Dispatcher.php(121): Cake\Controller\Controller->render()
#3 C:\wamp64\www\CakePlugin\vendor\cakephp\cakephp\src\Routing\Dispatcher.php(88): Cake\Routing\Dispatcher->_invoke(Object(App\Controller\PostsController))
#4 C:\wamp64\www\CakePlugin\webroot\index.php(36): Cake\Routing\Dispatcher->dispatch(Object(Cake\Network\Request), Object(Cake\Network\Response))
#5 {main}


2016-09-27 09:32:47 Error: [Cake\Controller\Exception\MissingActionException] Action PostsController::adit() could not be found, or is not accessible.
Exception Attributes: array (
  'controller' => 'PostsController',
  'action' => 'adit',
  'prefix' => '',
  'plugin' => NULL,
)
Request URL: /posts/adit
Stack Trace:
#0 C:\wamp64\www\CakePlugin\vendor\cakephp\cakephp\src\Routing\Dispatcher.php(115): Cake\Controller\Controller->invokeAction()
#1 C:\wamp64\www\CakePlugin\vendor\cakephp\cakephp\src\Routing\Dispatcher.php(88): Cake\Routing\Dispatcher->_invoke(Object(App\Controller\PostsController))
#2 C:\wamp64\www\CakePlugin\webroot\index.php(36): Cake\Routing\Dispatcher->dispatch(Object(Cake\Network\Request), Object(Cake\Network\Response))
#3 {main}


2016-09-27 09:32:50 Error: [Cake\Datasource\Exception\InvalidPrimaryKeyException] Record not found in table "posts" with primary key [NULL]
Request URL: /posts/edit
Stack Trace:
#0 C:\wamp64\www\CakePlugin\src\Controller\PostsController.php(77): Cake\ORM\Table->get(Array, Array)
#1 [internal function]: App\Controller\PostsController->edit()
#2 C:\wamp64\www\CakePlugin\vendor\cakephp\cakephp\src\Controller\Controller.php(435): call_user_func_array(Array, Array)
#3 C:\wamp64\www\CakePlugin\vendor\cakephp\cakephp\src\Routing\Dispatcher.php(115): Cake\Controller\Controller->invokeAction()
#4 C:\wamp64\www\CakePlugin\vendor\cakephp\cakephp\src\Routing\Dispatcher.php(88): Cake\Routing\Dispatcher->_invoke(Object(App\Controller\PostsController))
#5 C:\wamp64\www\CakePlugin\webroot\index.php(36): Cake\Routing\Dispatcher->dispatch(Object(Cake\Network\Request), Object(Cake\Network\Response))
#6 {main}


2016-09-27 09:32:57 Error: [Cake\Datasource\Exception\InvalidPrimaryKeyException] Record not found in table "posts" with primary key [NULL]
Request URL: /posts/edit
Stack Trace:
#0 C:\wamp64\www\CakePlugin\src\Controller\PostsController.php(77): Cake\ORM\Table->get(Array, Array)
#1 [internal function]: App\Controller\PostsController->edit()
#2 C:\wamp64\www\CakePlugin\vendor\cakephp\cakephp\src\Controller\Controller.php(435): call_user_func_array(Array, Array)
#3 C:\wamp64\www\CakePlugin\vendor\cakephp\cakephp\src\Routing\Dispatcher.php(115): Cake\Controller\Controller->invokeAction()
#4 C:\wamp64\www\CakePlugin\vendor\cakephp\cakephp\src\Routing\Dispatcher.php(88): Cake\Routing\Dispatcher->_invoke(Object(App\Controller\PostsController))
#5 C:\wamp64\www\CakePlugin\webroot\index.php(36): Cake\Routing\Dispatcher->dispatch(Object(Cake\Network\Request), Object(Cake\Network\Response))
#6 {main}


2016-09-27 09:33:03 Error: [Cake\Datasource\Exception\RecordNotFoundException] Record not found in table "posts"
Request URL: /posts/edit/1
Stack Trace:
#0 C:\wamp64\www\CakePlugin\vendor\cakephp\cakephp\src\ORM\Table.php(1217): Cake\ORM\Query->firstOrFail()
#1 C:\wamp64\www\CakePlugin\src\Controller\PostsController.php(77): Cake\ORM\Table->get(Array, Array)
#2 [internal function]: App\Controller\PostsController->edit('1')
#3 C:\wamp64\www\CakePlugin\vendor\cakephp\cakephp\src\Controller\Controller.php(435): call_user_func_array(Array, Array)
#4 C:\wamp64\www\CakePlugin\vendor\cakephp\cakephp\src\Routing\Dispatcher.php(115): Cake\Controller\Controller->invokeAction()
#5 C:\wamp64\www\CakePlugin\vendor\cakephp\cakephp\src\Routing\Dispatcher.php(88): Cake\Routing\Dispatcher->_invoke(Object(App\Controller\PostsController))
#6 C:\wamp64\www\CakePlugin\webroot\index.php(36): Cake\Routing\Dispatcher->dispatch(Object(Cake\Network\Request), Object(Cake\Network\Response))
#7 {main}


2016-09-27 09:44:37 Error: [Cake\Routing\Exception\MissingControllerException] Controller class Resources could not be found.
Exception Attributes: array (
  'class' => 'Resources',
  'plugin' => NULL,
  'prefix' => NULL,
  '_ext' => NULL,
)
Request URL: /resources/demos/style.css
Referer URL: http://cakeplugin:8080/posts/edit/1
Stack Trace:
#0 C:\wamp64\www\CakePlugin\webroot\index.php(36): Cake\Routing\Dispatcher->dispatch(Object(Cake\Network\Request), Object(Cake\Network\Response))
#1 {main}


2016-09-27 09:46:03 Error: [Cake\Routing\Exception\MissingControllerException] Controller class Resources could not be found.
Exception Attributes: array (
  'class' => 'Resources',
  'plugin' => NULL,
  'prefix' => NULL,
  '_ext' => NULL,
)
Request URL: /resources/demos/style.css
Referer URL: http://cakeplugin:8080/posts/edit/1
Stack Trace:
#0 C:\wamp64\www\CakePlugin\webroot\index.php(36): Cake\Routing\Dispatcher->dispatch(Object(Cake\Network\Request), Object(Cake\Network\Response))
#1 {main}


2016-09-27 09:46:41 Error: [Cake\Routing\Exception\MissingControllerException] Controller class Resources could not be found.
Exception Attributes: array (
  'class' => 'Resources',
  'plugin' => NULL,
  'prefix' => NULL,
  '_ext' => NULL,
)
Request URL: /resources/demos/style.css
Referer URL: http://cakeplugin:8080/posts/edit/1
Stack Trace:
#0 C:\wamp64\www\CakePlugin\webroot\index.php(36): Cake\Routing\Dispatcher->dispatch(Object(Cake\Network\Request), Object(Cake\Network\Response))
#1 {main}


2016-09-27 09:47:09 Error: [Cake\Routing\Exception\MissingControllerException] Controller class Resources could not be found.
Exception Attributes: array (
  'class' => 'Resources',
  'plugin' => NULL,
  'prefix' => NULL,
  '_ext' => NULL,
)
Request URL: /resources/demos/style.css
Referer URL: http://cakeplugin:8080/posts/edit/1
Stack Trace:
#0 C:\wamp64\www\CakePlugin\webroot\index.php(36): Cake\Routing\Dispatcher->dispatch(Object(Cake\Network\Request), Object(Cake\Network\Response))
#1 {main}


2016-09-27 09:47:18 Error: [Cake\Routing\Exception\MissingControllerException] Controller class Resources could not be found.
Exception Attributes: array (
  'class' => 'Resources',
  'plugin' => NULL,
  'prefix' => NULL,
  '_ext' => NULL,
)
Request URL: /resources/demos/style.css
Referer URL: http://cakeplugin:8080/posts/edit/1
Stack Trace:
#0 C:\wamp64\www\CakePlugin\webroot\index.php(36): Cake\Routing\Dispatcher->dispatch(Object(Cake\Network\Request), Object(Cake\Network\Response))
#1 {main}


2016-09-27 09:48:19 Error: [Cake\Routing\Exception\MissingControllerException] Controller class Resources could not be found.
Exception Attributes: array (
  'class' => 'Resources',
  'plugin' => NULL,
  'prefix' => NULL,
  '_ext' => NULL,
)
Request URL: /resources/demos/style.css
Referer URL: http://cakeplugin:8080/posts/edit/1
Stack Trace:
#0 C:\wamp64\www\CakePlugin\webroot\index.php(36): Cake\Routing\Dispatcher->dispatch(Object(Cake\Network\Request), Object(Cake\Network\Response))
#1 {main}


2016-09-27 09:49:01 Error: [Cake\Routing\Exception\MissingControllerException] Controller class Resources could not be found.
Exception Attributes: array (
  'class' => 'Resources',
  'plugin' => NULL,
  'prefix' => NULL,
  '_ext' => NULL,
)
Request URL: /resources/demos/style.css
Referer URL: http://cakeplugin:8080/posts/edit/1
Stack Trace:
#0 C:\wamp64\www\CakePlugin\webroot\index.php(36): Cake\Routing\Dispatcher->dispatch(Object(Cake\Network\Request), Object(Cake\Network\Response))
#1 {main}


2016-09-27 09:51:00 Error: [Cake\Routing\Exception\MissingControllerException] Controller class Resources could not be found.
Exception Attributes: array (
  'class' => 'Resources',
  'plugin' => NULL,
  'prefix' => NULL,
  '_ext' => NULL,
)
Request URL: /resources/demos/style.css
Referer URL: http://cakeplugin:8080/posts/edit/1
Stack Trace:
#0 C:\wamp64\www\CakePlugin\webroot\index.php(36): Cake\Routing\Dispatcher->dispatch(Object(Cake\Network\Request), Object(Cake\Network\Response))
#1 {main}


2016-09-27 09:51:03 Error: [Cake\Routing\Exception\MissingControllerException] Controller class Resources could not be found.
Exception Attributes: array (
  'class' => 'Resources',
  'plugin' => NULL,
  'prefix' => NULL,
  '_ext' => NULL,
)
Request URL: /resources/demos/style.css
Referer URL: http://cakeplugin:8080/posts/edit/1
Stack Trace:
#0 C:\wamp64\www\CakePlugin\webroot\index.php(36): Cake\Routing\Dispatcher->dispatch(Object(Cake\Network\Request), Object(Cake\Network\Response))
#1 {main}


2016-09-27 09:51:40 Error: [Cake\Routing\Exception\MissingControllerException] Controller class Resources could not be found.
Exception Attributes: array (
  'class' => 'Resources',
  'plugin' => NULL,
  'prefix' => NULL,
  '_ext' => NULL,
)
Request URL: /resources/demos/style.css
Referer URL: http://cakeplugin:8080/posts/edit/1
Stack Trace:
#0 C:\wamp64\www\CakePlugin\webroot\index.php(36): Cake\Routing\Dispatcher->dispatch(Object(Cake\Network\Request), Object(Cake\Network\Response))
#1 {main}


2016-09-27 09:52:52 Error: [Cake\Routing\Exception\MissingControllerException] Controller class Resources could not be found.
Exception Attributes: array (
  'class' => 'Resources',
  'plugin' => NULL,
  'prefix' => NULL,
  '_ext' => NULL,
)
Request URL: /resources/demos/style.css
Referer URL: http://cakeplugin:8080/posts/edit/1
Stack Trace:
#0 C:\wamp64\www\CakePlugin\webroot\index.php(36): Cake\Routing\Dispatcher->dispatch(Object(Cake\Network\Request), Object(Cake\Network\Response))
#1 {main}


2016-09-27 09:53:14 Error: [Cake\Routing\Exception\MissingControllerException] Controller class Resources could not be found.
Exception Attributes: array (
  'class' => 'Resources',
  'plugin' => NULL,
  'prefix' => NULL,
  '_ext' => NULL,
)
Request URL: /resources/demos/style.css
Referer URL: http://cakeplugin:8080/posts/edit/1
Stack Trace:
#0 C:\wamp64\www\CakePlugin\webroot\index.php(36): Cake\Routing\Dispatcher->dispatch(Object(Cake\Network\Request), Object(Cake\Network\Response))
#1 {main}


2016-09-27 09:54:23 Error: [Cake\Routing\Exception\MissingControllerException] Controller class Resources could not be found.
Exception Attributes: array (
  'class' => 'Resources',
  'plugin' => NULL,
  'prefix' => NULL,
  '_ext' => NULL,
)
Request URL: /resources/demos/style.css
Referer URL: http://cakeplugin:8080/posts/edit/1
Stack Trace:
#0 C:\wamp64\www\CakePlugin\webroot\index.php(36): Cake\Routing\Dispatcher->dispatch(Object(Cake\Network\Request), Object(Cake\Network\Response))
#1 {main}


2016-09-27 09:54:41 Error: [Cake\Routing\Exception\MissingControllerException] Controller class Resources could not be found.
Exception Attributes: array (
  'class' => 'Resources',
  'plugin' => NULL,
  'prefix' => NULL,
  '_ext' => NULL,
)
Request URL: /resources/demos/style.css
Referer URL: http://cakeplugin:8080/posts/edit/1
Stack Trace:
#0 C:\wamp64\www\CakePlugin\webroot\index.php(36): Cake\Routing\Dispatcher->dispatch(Object(Cake\Network\Request), Object(Cake\Network\Response))
#1 {main}


2016-09-27 09:55:36 Error: [ParseError] syntax error, unexpected '}', expecting ';'
Request URL: /posts/edit/1
Stack Trace:
#0 C:\wamp64\www\CakePlugin\vendor\composer\ClassLoader.php(301): Composer\Autoload\includeFile('C:\\wamp64\\www\\C...')
#1 [internal function]: Composer\Autoload\ClassLoader->loadClass('App\\Controller\\...')
#2 [internal function]: spl_autoload_call('App\\Controller\\...')
#3 C:\wamp64\www\CakePlugin\vendor\cakephp\cakephp\src\Core\App.php(152): class_exists('App\\Controller\\...')
#4 C:\wamp64\www\CakePlugin\vendor\cakephp\cakephp\src\Core\App.php(64): Cake\Core\App::_classExistsInBase('\\Controller\\Pos...', 'App')
#5 C:\wamp64\www\CakePlugin\vendor\cakephp\cakephp\src\Routing\Filter\ControllerFactoryFilter.php(91): Cake\Core\App::className('Posts', 'Controller', 'Controller')
#6 C:\wamp64\www\CakePlugin\vendor\cakephp\cakephp\src\Routing\Filter\ControllerFactoryFilter.php(51): Cake\Routing\Filter\ControllerFactoryFilter->_getController(Object(Cake\Network\Request), Object(Cake\Network\Response))
#7 C:\wamp64\www\CakePlugin\vendor\cakephp\cakephp\src\Routing\DispatcherFilter.php(145): Cake\Routing\Filter\ControllerFactoryFilter->beforeDispatch(Object(Cake\Event\Event))
#8 C:\wamp64\www\CakePlugin\vendor\cakephp\cakephp\src\Event\EventManager.php(425): Cake\Routing\DispatcherFilter->handle(Object(Cake\Event\Event), Object(Cake\Network\Request), Object(Cake\Network\Response))
#9 C:\wamp64\www\CakePlugin\vendor\cakephp\cakephp\src\Event\EventManager.php(386): Cake\Event\EventManager->_callListener(Array, Object(Cake\Event\Event))
#10 C:\wamp64\www\CakePlugin\vendor\cakephp\cakephp\src\Event\EventDispatcherTrait.php(79): Cake\Event\EventManager->dispatch(Object(Cake\Event\Event))
#11 C:\wamp64\www\CakePlugin\vendor\cakephp\cakephp\src\Routing\Dispatcher.php(62): Cake\Routing\Dispatcher->dispatchEvent('Dispatcher.befo...', Array)
#12 C:\wamp64\www\CakePlugin\webroot\index.php(36): Cake\Routing\Dispatcher->dispatch(Object(Cake\Network\Request), Object(Cake\Network\Response))
#13 {main}


2016-09-27 09:55:45 Error: [Cake\Routing\Exception\MissingControllerException] Controller class Resources could not be found.
Exception Attributes: array (
  'class' => 'Resources',
  'plugin' => NULL,
  'prefix' => NULL,
  '_ext' => NULL,
)
Request URL: /resources/demos/style.css
Referer URL: http://cakeplugin:8080/posts/edit/1
Stack Trace:
#0 C:\wamp64\www\CakePlugin\webroot\index.php(36): Cake\Routing\Dispatcher->dispatch(Object(Cake\Network\Request), Object(Cake\Network\Response))
#1 {main}


2016-09-27 09:55:54 Error: [Cake\Routing\Exception\MissingControllerException] Controller class Resources could not be found.
Exception Attributes: array (
  'class' => 'Resources',
  'plugin' => NULL,
  'prefix' => NULL,
  '_ext' => NULL,
)
Request URL: /resources/demos/style.css
Referer URL: http://cakeplugin:8080/posts/edit/1
Stack Trace:
#0 C:\wamp64\www\CakePlugin\webroot\index.php(36): Cake\Routing\Dispatcher->dispatch(Object(Cake\Network\Request), Object(Cake\Network\Response))
#1 {main}


2016-09-27 09:55:57 Error: [Cake\Routing\Exception\MissingControllerException] Controller class Resources could not be found.
Exception Attributes: array (
  'class' => 'Resources',
  'plugin' => NULL,
  'prefix' => NULL,
  '_ext' => NULL,
)
Request URL: /resources/demos/style.css
Referer URL: http://cakeplugin:8080/posts/edit/1
Stack Trace:
#0 C:\wamp64\www\CakePlugin\webroot\index.php(36): Cake\Routing\Dispatcher->dispatch(Object(Cake\Network\Request), Object(Cake\Network\Response))
#1 {main}


2016-09-27 09:56:22 Error: [Cake\Routing\Exception\MissingControllerException] Controller class Resources could not be found.
Exception Attributes: array (
  'class' => 'Resources',
  'plugin' => NULL,
  'prefix' => NULL,
  '_ext' => NULL,
)
Request URL: /resources/demos/style.css
Referer URL: http://cakeplugin:8080/posts/edit/1
Stack Trace:
#0 C:\wamp64\www\CakePlugin\webroot\index.php(36): Cake\Routing\Dispatcher->dispatch(Object(Cake\Network\Request), Object(Cake\Network\Response))
#1 {main}


2016-09-27 09:56:26 Error: [Cake\Routing\Exception\MissingControllerException] Controller class Resources could not be found.
Exception Attributes: array (
  'class' => 'Resources',
  'plugin' => NULL,
  'prefix' => NULL,
  '_ext' => NULL,
)
Request URL: /resources/demos/style.css
Referer URL: http://cakeplugin:8080/posts/edit/1
Stack Trace:
#0 C:\wamp64\www\CakePlugin\webroot\index.php(36): Cake\Routing\Dispatcher->dispatch(Object(Cake\Network\Request), Object(Cake\Network\Response))
#1 {main}


2016-09-27 09:56:29 Error: [Cake\Routing\Exception\MissingControllerException] Controller class Resources could not be found.
Exception Attributes: array (
  'class' => 'Resources',
  'plugin' => NULL,
  'prefix' => NULL,
  '_ext' => NULL,
)
Request URL: /resources/demos/style.css
Referer URL: http://cakeplugin:8080/posts/edit/1
Stack Trace:
#0 C:\wamp64\www\CakePlugin\webroot\index.php(36): Cake\Routing\Dispatcher->dispatch(Object(Cake\Network\Request), Object(Cake\Network\Response))
#1 {main}


2016-09-27 09:57:06 Error: [Cake\Routing\Exception\MissingControllerException] Controller class Resources could not be found.
Exception Attributes: array (
  'class' => 'Resources',
  'plugin' => NULL,
  'prefix' => NULL,
  '_ext' => NULL,
)
Request URL: /resources/demos/style.css
Referer URL: http://cakeplugin:8080/posts/edit/1
Stack Trace:
#0 C:\wamp64\www\CakePlugin\webroot\index.php(36): Cake\Routing\Dispatcher->dispatch(Object(Cake\Network\Request), Object(Cake\Network\Response))
#1 {main}


2016-09-27 09:57:37 Error: [Cake\Routing\Exception\MissingControllerException] Controller class Resources could not be found.
Exception Attributes: array (
  'class' => 'Resources',
  'plugin' => NULL,
  'prefix' => NULL,
  '_ext' => NULL,
)
Request URL: /resources/demos/style.css
Referer URL: http://cakeplugin:8080/posts/edit/1
Stack Trace:
#0 C:\wamp64\www\CakePlugin\webroot\index.php(36): Cake\Routing\Dispatcher->dispatch(Object(Cake\Network\Request), Object(Cake\Network\Response))
#1 {main}


2016-09-27 09:57:44 Error: [Cake\Routing\Exception\MissingControllerException] Controller class Resources could not be found.
Exception Attributes: array (
  'class' => 'Resources',
  'plugin' => NULL,
  'prefix' => NULL,
  '_ext' => NULL,
)
Request URL: /resources/demos/style.css
Referer URL: http://cakeplugin:8080/posts/edit/1
Stack Trace:
#0 C:\wamp64\www\CakePlugin\webroot\index.php(36): Cake\Routing\Dispatcher->dispatch(Object(Cake\Network\Request), Object(Cake\Network\Response))
#1 {main}


2016-09-27 09:57:50 Error: [Cake\Routing\Exception\MissingControllerException] Controller class Resources could not be found.
Exception Attributes: array (
  'class' => 'Resources',
  'plugin' => NULL,
  'prefix' => NULL,
  '_ext' => NULL,
)
Request URL: /resources/demos/style.css
Referer URL: http://cakeplugin:8080/posts/edit/1
Stack Trace:
#0 C:\wamp64\www\CakePlugin\webroot\index.php(36): Cake\Routing\Dispatcher->dispatch(Object(Cake\Network\Request), Object(Cake\Network\Response))
#1 {main}


2016-09-27 11:37:32 Error: [Cake\Routing\Exception\MissingControllerException] Controller class Resources could not be found.
Exception Attributes: array (
  'class' => 'Resources',
  'plugin' => NULL,
  'prefix' => NULL,
  '_ext' => NULL,
)
Request URL: /resources/demos/style.css
Referer URL: http://cakeplugin:8080/posts/edit/1
Stack Trace:
#0 C:\wamp64\www\CakePlugin\webroot\index.php(36): Cake\Routing\Dispatcher->dispatch(Object(Cake\Network\Request), Object(Cake\Network\Response))
#1 {main}


2016-09-27 11:38:24 Error: [Cake\Routing\Exception\MissingControllerException] Controller class Resources could not be found.
Exception Attributes: array (
  'class' => 'Resources',
  'plugin' => NULL,
  'prefix' => NULL,
  '_ext' => NULL,
)
Request URL: /resources/demos/style.css
Referer URL: http://cakeplugin:8080/posts/edit/1
Stack Trace:
#0 C:\wamp64\www\CakePlugin\webroot\index.php(36): Cake\Routing\Dispatcher->dispatch(Object(Cake\Network\Request), Object(Cake\Network\Response))
#1 {main}


2016-09-27 11:39:07 Error: [Cake\Routing\Exception\MissingControllerException] Controller class Resources could not be found.
Exception Attributes: array (
  'class' => 'Resources',
  'plugin' => NULL,
  'prefix' => NULL,
  '_ext' => NULL,
)
Request URL: /resources/demos/style.css
Referer URL: http://cakeplugin:8080/posts/edit/1
Stack Trace:
#0 C:\wamp64\www\CakePlugin\webroot\index.php(36): Cake\Routing\Dispatcher->dispatch(Object(Cake\Network\Request), Object(Cake\Network\Response))
#1 {main}


2016-09-27 11:39:41 Error: [Cake\Routing\Exception\MissingControllerException] Controller class Resources could not be found.
Exception Attributes: array (
  'class' => 'Resources',
  'plugin' => NULL,
  'prefix' => NULL,
  '_ext' => NULL,
)
Request URL: /resources/demos/style.css
Referer URL: http://cakeplugin:8080/posts/edit/1
Stack Trace:
#0 C:\wamp64\www\CakePlugin\webroot\index.php(36): Cake\Routing\Dispatcher->dispatch(Object(Cake\Network\Request), Object(Cake\Network\Response))
#1 {main}


2016-09-27 11:40:14 Error: [Cake\Routing\Exception\MissingControllerException] Controller class Resources could not be found.
Exception Attributes: array (
  'class' => 'Resources',
  'plugin' => NULL,
  'prefix' => NULL,
  '_ext' => NULL,
)
Request URL: /resources/demos/style.css
Referer URL: http://cakeplugin:8080/posts/edit/1
Stack Trace:
#0 C:\wamp64\www\CakePlugin\webroot\index.php(36): Cake\Routing\Dispatcher->dispatch(Object(Cake\Network\Request), Object(Cake\Network\Response))
#1 {main}


2016-09-27 11:42:49 Error: [Cake\Routing\Exception\MissingControllerException] Controller class Resources could not be found.
Exception Attributes: array (
  'class' => 'Resources',
  'plugin' => NULL,
  'prefix' => NULL,
  '_ext' => NULL,
)
Request URL: /resources/demos/style.css
Referer URL: http://cakeplugin:8080/posts/edit/1
Stack Trace:
#0 C:\wamp64\www\CakePlugin\webroot\index.php(36): Cake\Routing\Dispatcher->dispatch(Object(Cake\Network\Request), Object(Cake\Network\Response))
#1 {main}


2016-09-27 11:43:17 Error: [Cake\Routing\Exception\MissingControllerException] Controller class Resources could not be found.
Exception Attributes: array (
  'class' => 'Resources',
  'plugin' => NULL,
  'prefix' => NULL,
  '_ext' => NULL,
)
Request URL: /resources/demos/style.css
Referer URL: http://cakeplugin:8080/posts/edit/1
Stack Trace:
#0 C:\wamp64\www\CakePlugin\webroot\index.php(36): Cake\Routing\Dispatcher->dispatch(Object(Cake\Network\Request), Object(Cake\Network\Response))
#1 {main}


2016-09-27 11:51:09 Error: [Cake\Routing\Exception\MissingControllerException] Controller class Resources could not be found.
Exception Attributes: array (
  'class' => 'Resources',
  'plugin' => NULL,
  'prefix' => NULL,
  '_ext' => NULL,
)
Request URL: /resources/demos/style.css
Referer URL: http://cakeplugin:8080/posts/edit/1
Stack Trace:
#0 C:\wamp64\www\CakePlugin\webroot\index.php(36): Cake\Routing\Dispatcher->dispatch(Object(Cake\Network\Request), Object(Cake\Network\Response))
#1 {main}


2016-09-27 11:51:30 Error: [Cake\Routing\Exception\MissingControllerException] Controller class Resources could not be found.
Exception Attributes: array (
  'class' => 'Resources',
  'plugin' => NULL,
  'prefix' => NULL,
  '_ext' => NULL,
)
Request URL: /resources/demos/style.css
Referer URL: http://cakeplugin:8080/posts/edit/1
Stack Trace:
#0 C:\wamp64\www\CakePlugin\webroot\index.php(36): Cake\Routing\Dispatcher->dispatch(Object(Cake\Network\Request), Object(Cake\Network\Response))
#1 {main}


2016-09-27 11:51:45 Error: [Cake\Routing\Exception\MissingControllerException] Controller class Resources could not be found.
Exception Attributes: array (
  'class' => 'Resources',
  'plugin' => NULL,
  'prefix' => NULL,
  '_ext' => NULL,
)
Request URL: /resources/demos/style.css
Referer URL: http://cakeplugin:8080/posts/edit/1
Stack Trace:
#0 C:\wamp64\www\CakePlugin\webroot\index.php(36): Cake\Routing\Dispatcher->dispatch(Object(Cake\Network\Request), Object(Cake\Network\Response))
#1 {main}


2016-09-27 11:53:36 Error: [Cake\Routing\Exception\MissingControllerException] Controller class Resources could not be found.
Exception Attributes: array (
  'class' => 'Resources',
  'plugin' => NULL,
  'prefix' => NULL,
  '_ext' => NULL,
)
Request URL: /resources/demos/style.css
Referer URL: http://cakeplugin:8080/posts/edit/1
Stack Trace:
#0 C:\wamp64\www\CakePlugin\webroot\index.php(36): Cake\Routing\Dispatcher->dispatch(Object(Cake\Network\Request), Object(Cake\Network\Response))
#1 {main}


2016-09-27 11:55:26 Error: [Cake\Routing\Exception\MissingControllerException] Controller class Resources could not be found.
Exception Attributes: array (
  'class' => 'Resources',
  'plugin' => NULL,
  'prefix' => NULL,
  '_ext' => NULL,
)
Request URL: /resources/demos/style.css
Referer URL: http://cakeplugin:8080/posts/edit/1
Stack Trace:
#0 C:\wamp64\www\CakePlugin\webroot\index.php(36): Cake\Routing\Dispatcher->dispatch(Object(Cake\Network\Request), Object(Cake\Network\Response))
#1 {main}


2016-09-27 12:01:01 Error: [Cake\Routing\Exception\MissingControllerException] Controller class Resources could not be found.
Exception Attributes: array (
  'class' => 'Resources',
  'plugin' => NULL,
  'prefix' => NULL,
  '_ext' => NULL,
)
Request URL: /resources/demos/style.css
Referer URL: http://cakeplugin:8080/posts/edit/1
Stack Trace:
#0 C:\wamp64\www\CakePlugin\webroot\index.php(36): Cake\Routing\Dispatcher->dispatch(Object(Cake\Network\Request), Object(Cake\Network\Response))
#1 {main}


2016-09-27 12:01:55 Error: [Cake\Routing\Exception\MissingControllerException] Controller class Resources could not be found.
Exception Attributes: array (
  'class' => 'Resources',
  'plugin' => NULL,
  'prefix' => NULL,
  '_ext' => NULL,
)
Request URL: /resources/demos/style.css
Referer URL: http://cakeplugin:8080/posts/edit/1
Stack Trace:
#0 C:\wamp64\www\CakePlugin\webroot\index.php(36): Cake\Routing\Dispatcher->dispatch(Object(Cake\Network\Request), Object(Cake\Network\Response))
#1 {main}


2016-09-27 12:03:02 Error: [Cake\Routing\Exception\MissingControllerException] Controller class Resources could not be found.
Exception Attributes: array (
  'class' => 'Resources',
  'plugin' => NULL,
  'prefix' => NULL,
  '_ext' => NULL,
)
Request URL: /resources/demos/style.css
Referer URL: http://cakeplugin:8080/posts/edit/1
Stack Trace:
#0 C:\wamp64\www\CakePlugin\webroot\index.php(36): Cake\Routing\Dispatcher->dispatch(Object(Cake\Network\Request), Object(Cake\Network\Response))
#1 {main}


2016-09-27 12:03:36 Error: [Cake\Routing\Exception\MissingControllerException] Controller class Resources could not be found.
Exception Attributes: array (
  'class' => 'Resources',
  'plugin' => NULL,
  'prefix' => NULL,
  '_ext' => NULL,
)
Request URL: /resources/demos/style.css
Referer URL: http://cakeplugin:8080/posts/edit/1
Stack Trace:
#0 C:\wamp64\www\CakePlugin\webroot\index.php(36): Cake\Routing\Dispatcher->dispatch(Object(Cake\Network\Request), Object(Cake\Network\Response))
#1 {main}


2016-09-27 12:05:09 Error: [Cake\Routing\Exception\MissingControllerException] Controller class Resources could not be found.
Exception Attributes: array (
  'class' => 'Resources',
  'plugin' => NULL,
  'prefix' => NULL,
  '_ext' => NULL,
)
Request URL: /resources/demos/style.css
Referer URL: http://cakeplugin:8080/posts/edit/1
Stack Trace:
#0 C:\wamp64\www\CakePlugin\webroot\index.php(36): Cake\Routing\Dispatcher->dispatch(Object(Cake\Network\Request), Object(Cake\Network\Response))
#1 {main}


2016-09-27 12:05:15 Error: [Cake\Routing\Exception\MissingControllerException] Controller class Resources could not be found.
Exception Attributes: array (
  'class' => 'Resources',
  'plugin' => NULL,
  'prefix' => NULL,
  '_ext' => NULL,
)
Request URL: /resources/demos/style.css
Referer URL: http://cakeplugin:8080/posts/edit/1
Stack Trace:
#0 C:\wamp64\www\CakePlugin\webroot\index.php(36): Cake\Routing\Dispatcher->dispatch(Object(Cake\Network\Request), Object(Cake\Network\Response))
#1 {main}


2016-09-27 12:07:22 Error: [Cake\Routing\Exception\MissingControllerException] Controller class Resources could not be found.
Exception Attributes: array (
  'class' => 'Resources',
  'plugin' => NULL,
  'prefix' => NULL,
  '_ext' => NULL,
)
Request URL: /resources/demos/style.css
Referer URL: http://cakeplugin:8080/posts/edit/1
Stack Trace:
#0 C:\wamp64\www\CakePlugin\webroot\index.php(36): Cake\Routing\Dispatcher->dispatch(Object(Cake\Network\Request), Object(Cake\Network\Response))
#1 {main}


2016-09-27 12:08:44 Error: [Cake\Routing\Exception\MissingControllerException] Controller class Resources could not be found.
Exception Attributes: array (
  'class' => 'Resources',
  'plugin' => NULL,
  'prefix' => NULL,
  '_ext' => NULL,
)
Request URL: /resources/demos/style.css
Referer URL: http://cakeplugin:8080/posts/edit/1
Stack Trace:
#0 C:\wamp64\www\CakePlugin\webroot\index.php(36): Cake\Routing\Dispatcher->dispatch(Object(Cake\Network\Request), Object(Cake\Network\Response))
#1 {main}


2016-09-27 12:08:51 Error: [Cake\Routing\Exception\MissingControllerException] Controller class Resources could not be found.
Exception Attributes: array (
  'class' => 'Resources',
  'plugin' => NULL,
  'prefix' => NULL,
  '_ext' => NULL,
)
Request URL: /resources/demos/style.css
Referer URL: http://cakeplugin:8080/posts/edit/1
Stack Trace:
#0 C:\wamp64\www\CakePlugin\webroot\index.php(36): Cake\Routing\Dispatcher->dispatch(Object(Cake\Network\Request), Object(Cake\Network\Response))
#1 {main}


2016-09-27 12:14:59 Error: [Cake\Routing\Exception\MissingControllerException] Controller class Resources could not be found.
Exception Attributes: array (
  'class' => 'Resources',
  'plugin' => NULL,
  'prefix' => NULL,
  '_ext' => NULL,
)
Request URL: /resources/demos/style.css
Referer URL: http://cakeplugin:8080/posts/edit/1
Stack Trace:
#0 C:\wamp64\www\CakePlugin\webroot\index.php(36): Cake\Routing\Dispatcher->dispatch(Object(Cake\Network\Request), Object(Cake\Network\Response))
#1 {main}


2016-09-27 12:16:08 Error: [Cake\Routing\Exception\MissingControllerException] Controller class Resources could not be found.
Exception Attributes: array (
  'class' => 'Resources',
  'plugin' => NULL,
  'prefix' => NULL,
  '_ext' => NULL,
)
Request URL: /resources/demos/style.css
Referer URL: http://cakeplugin:8080/posts/edit/1
Stack Trace:
#0 C:\wamp64\www\CakePlugin\webroot\index.php(36): Cake\Routing\Dispatcher->dispatch(Object(Cake\Network\Request), Object(Cake\Network\Response))
#1 {main}


2016-09-27 12:17:08 Error: [Cake\Routing\Exception\MissingControllerException] Controller class Resources could not be found.
Exception Attributes: array (
  'class' => 'Resources',
  'plugin' => NULL,
  'prefix' => NULL,
  '_ext' => NULL,
)
Request URL: /resources/demos/style.css
Referer URL: http://cakeplugin:8080/posts/edit/1
Stack Trace:
#0 C:\wamp64\www\CakePlugin\webroot\index.php(36): Cake\Routing\Dispatcher->dispatch(Object(Cake\Network\Request), Object(Cake\Network\Response))
#1 {main}


2016-09-27 12:17:50 Error: [Cake\Routing\Exception\MissingControllerException] Controller class Resources could not be found.
Exception Attributes: array (
  'class' => 'Resources',
  'plugin' => NULL,
  'prefix' => NULL,
  '_ext' => NULL,
)
Request URL: /resources/demos/style.css
Referer URL: http://cakeplugin:8080/posts/edit/1
Stack Trace:
#0 C:\wamp64\www\CakePlugin\webroot\index.php(36): Cake\Routing\Dispatcher->dispatch(Object(Cake\Network\Request), Object(Cake\Network\Response))
#1 {main}


2016-09-27 12:18:46 Error: [Cake\Routing\Exception\MissingControllerException] Controller class Resources could not be found.
Exception Attributes: array (
  'class' => 'Resources',
  'plugin' => NULL,
  'prefix' => NULL,
  '_ext' => NULL,
)
Request URL: /resources/demos/style.css
Referer URL: http://cakeplugin:8080/posts/edit/1
Stack Trace:
#0 C:\wamp64\www\CakePlugin\webroot\index.php(36): Cake\Routing\Dispatcher->dispatch(Object(Cake\Network\Request), Object(Cake\Network\Response))
#1 {main}


2016-09-27 12:25:12 Error: [Cake\Routing\Exception\MissingControllerException] Controller class Resources could not be found.
Exception Attributes: array (
  'class' => 'Resources',
  'plugin' => NULL,
  'prefix' => NULL,
  '_ext' => NULL,
)
Request URL: /resources/demos/style.css
Referer URL: http://cakeplugin:8080/posts/edit/1
Stack Trace:
#0 C:\wamp64\www\CakePlugin\webroot\index.php(36): Cake\Routing\Dispatcher->dispatch(Object(Cake\Network\Request), Object(Cake\Network\Response))
#1 {main}


2016-09-27 12:31:33 Error: [Cake\Routing\Exception\MissingControllerException] Controller class Resources could not be found.
Exception Attributes: array (
  'class' => 'Resources',
  'plugin' => NULL,
  'prefix' => NULL,
  '_ext' => NULL,
)
Request URL: /resources/demos/style.css
Referer URL: http://cakeplugin:8080/posts/edit/1
Stack Trace:
#0 C:\wamp64\www\CakePlugin\webroot\index.php(36): Cake\Routing\Dispatcher->dispatch(Object(Cake\Network\Request), Object(Cake\Network\Response))
#1 {main}


2016-09-27 12:37:06 Error: [Cake\Routing\Exception\MissingControllerException] Controller class Resources could not be found.
Exception Attributes: array (
  'class' => 'Resources',
  'plugin' => NULL,
  'prefix' => NULL,
  '_ext' => NULL,
)
Request URL: /resources/demos/style.css
Referer URL: http://cakeplugin:8080/posts/edit/1
Stack Trace:
#0 C:\wamp64\www\CakePlugin\webroot\index.php(36): Cake\Routing\Dispatcher->dispatch(Object(Cake\Network\Request), Object(Cake\Network\Response))
#1 {main}


2016-09-27 12:38:49 Error: [Cake\Routing\Exception\MissingControllerException] Controller class Resources could not be found.
Exception Attributes: array (
  'class' => 'Resources',
  'plugin' => NULL,
  'prefix' => NULL,
  '_ext' => NULL,
)
Request URL: /resources/demos/style.css
Referer URL: http://cakeplugin:8080/posts/edit/1
Stack Trace:
#0 C:\wamp64\www\CakePlugin\webroot\index.php(36): Cake\Routing\Dispatcher->dispatch(Object(Cake\Network\Request), Object(Cake\Network\Response))
#1 {main}


2016-09-27 12:39:34 Error: [Cake\Routing\Exception\MissingControllerException] Controller class Resources could not be found.
Exception Attributes: array (
  'class' => 'Resources',
  'plugin' => NULL,
  'prefix' => NULL,
  '_ext' => NULL,
)
Request URL: /resources/demos/style.css
Referer URL: http://cakeplugin:8080/posts/edit/1
Stack Trace:
#0 C:\wamp64\www\CakePlugin\webroot\index.php(36): Cake\Routing\Dispatcher->dispatch(Object(Cake\Network\Request), Object(Cake\Network\Response))
#1 {main}


2016-09-27 12:39:49 Error: [Cake\Routing\Exception\MissingControllerException] Controller class Resources could not be found.
Exception Attributes: array (
  'class' => 'Resources',
  'plugin' => NULL,
  'prefix' => NULL,
  '_ext' => NULL,
)
Request URL: /resources/demos/style.css
Referer URL: http://cakeplugin:8080/posts/edit/1
Stack Trace:
#0 C:\wamp64\www\CakePlugin\webroot\index.php(36): Cake\Routing\Dispatcher->dispatch(Object(Cake\Network\Request), Object(Cake\Network\Response))
#1 {main}


2016-09-27 12:40:36 Error: [Cake\Routing\Exception\MissingControllerException] Controller class Resources could not be found.
Exception Attributes: array (
  'class' => 'Resources',
  'plugin' => NULL,
  'prefix' => NULL,
  '_ext' => NULL,
)
Request URL: /resources/demos/style.css
Referer URL: http://cakeplugin:8080/posts/edit/1
Stack Trace:
#0 C:\wamp64\www\CakePlugin\webroot\index.php(36): Cake\Routing\Dispatcher->dispatch(Object(Cake\Network\Request), Object(Cake\Network\Response))
#1 {main}


2016-09-27 12:43:43 Error: [Cake\Routing\Exception\MissingControllerException] Controller class Resources could not be found.
Exception Attributes: array (
  'class' => 'Resources',
  'plugin' => NULL,
  'prefix' => NULL,
  '_ext' => NULL,
)
Request URL: /resources/demos/style.css
Referer URL: http://cakeplugin:8080/posts/edit/1
Stack Trace:
#0 C:\wamp64\www\CakePlugin\webroot\index.php(36): Cake\Routing\Dispatcher->dispatch(Object(Cake\Network\Request), Object(Cake\Network\Response))
#1 {main}


2016-09-27 12:43:53 Error: [Cake\Routing\Exception\MissingControllerException] Controller class Resources could not be found.
Exception Attributes: array (
  'class' => 'Resources',
  'plugin' => NULL,
  'prefix' => NULL,
  '_ext' => NULL,
)
Request URL: /resources/demos/style.css
Referer URL: http://cakeplugin:8080/posts/edit/1
Stack Trace:
#0 C:\wamp64\www\CakePlugin\webroot\index.php(36): Cake\Routing\Dispatcher->dispatch(Object(Cake\Network\Request), Object(Cake\Network\Response))
#1 {main}


2016-09-27 12:47:58 Error: [Cake\Routing\Exception\MissingControllerException] Controller class Resources could not be found.
Exception Attributes: array (
  'class' => 'Resources',
  'plugin' => NULL,
  'prefix' => NULL,
  '_ext' => NULL,
)
Request URL: /resources/demos/style.css
Referer URL: http://cakeplugin:8080/posts/edit/1
Stack Trace:
#0 C:\wamp64\www\CakePlugin\webroot\index.php(36): Cake\Routing\Dispatcher->dispatch(Object(Cake\Network\Request), Object(Cake\Network\Response))
#1 {main}


2016-09-27 12:49:22 Error: [Cake\Routing\Exception\MissingControllerException] Controller class Resources could not be found.
Exception Attributes: array (
  'class' => 'Resources',
  'plugin' => NULL,
  'prefix' => NULL,
  '_ext' => NULL,
)
Request URL: /resources/demos/style.css
Referer URL: http://cakeplugin:8080/posts/edit/1
Stack Trace:
#0 C:\wamp64\www\CakePlugin\webroot\index.php(36): Cake\Routing\Dispatcher->dispatch(Object(Cake\Network\Request), Object(Cake\Network\Response))
#1 {main}


2016-09-27 12:52:04 Error: [Cake\Routing\Exception\MissingControllerException] Controller class Resources could not be found.
Exception Attributes: array (
  'class' => 'Resources',
  'plugin' => NULL,
  'prefix' => NULL,
  '_ext' => NULL,
)
Request URL: /resources/demos/style.css
Referer URL: http://cakeplugin:8080/posts/edit/1
Stack Trace:
#0 C:\wamp64\www\CakePlugin\webroot\index.php(36): Cake\Routing\Dispatcher->dispatch(Object(Cake\Network\Request), Object(Cake\Network\Response))
#1 {main}


2016-09-27 12:57:35 Error: [Cake\Routing\Exception\MissingControllerException] Controller class Resources could not be found.
Exception Attributes: array (
  'class' => 'Resources',
  'plugin' => NULL,
  'prefix' => NULL,
  '_ext' => NULL,
)
Request URL: /resources/demos/style.css
Referer URL: http://cakeplugin:8080/posts/edit/1
Stack Trace:
#0 C:\wamp64\www\CakePlugin\webroot\index.php(36): Cake\Routing\Dispatcher->dispatch(Object(Cake\Network\Request), Object(Cake\Network\Response))
#1 {main}


2016-09-27 12:57:56 Error: [Cake\Routing\Exception\MissingControllerException] Controller class Resources could not be found.
Exception Attributes: array (
  'class' => 'Resources',
  'plugin' => NULL,
  'prefix' => NULL,
  '_ext' => NULL,
)
Request URL: /resources/demos/style.css
Referer URL: http://cakeplugin:8080/posts/edit/1
Stack Trace:
#0 C:\wamp64\www\CakePlugin\webroot\index.php(36): Cake\Routing\Dispatcher->dispatch(Object(Cake\Network\Request), Object(Cake\Network\Response))
#1 {main}


2016-09-27 12:58:11 Error: [Cake\Routing\Exception\MissingControllerException] Controller class Resources could not be found.
Exception Attributes: array (
  'class' => 'Resources',
  'plugin' => NULL,
  'prefix' => NULL,
  '_ext' => NULL,
)
Request URL: /resources/demos/style.css
Referer URL: http://cakeplugin:8080/posts/edit/1
Stack Trace:
#0 C:\wamp64\www\CakePlugin\webroot\index.php(36): Cake\Routing\Dispatcher->dispatch(Object(Cake\Network\Request), Object(Cake\Network\Response))
#1 {main}


2016-09-27 12:59:45 Error: [Cake\Routing\Exception\MissingControllerException] Controller class Resources could not be found.
Exception Attributes: array (
  'class' => 'Resources',
  'plugin' => NULL,
  'prefix' => NULL,
  '_ext' => NULL,
)
Request URL: /resources/demos/style.css
Referer URL: http://cakeplugin:8080/posts/edit/1
Stack Trace:
#0 C:\wamp64\www\CakePlugin\webroot\index.php(36): Cake\Routing\Dispatcher->dispatch(Object(Cake\Network\Request), Object(Cake\Network\Response))
#1 {main}


2016-09-27 13:00:08 Error: [Cake\Routing\Exception\MissingControllerException] Controller class Resources could not be found.
Exception Attributes: array (
  'class' => 'Resources',
  'plugin' => NULL,
  'prefix' => NULL,
  '_ext' => NULL,
)
Request URL: /resources/demos/style.css
Referer URL: http://cakeplugin:8080/posts/edit/1
Stack Trace:
#0 C:\wamp64\www\CakePlugin\webroot\index.php(36): Cake\Routing\Dispatcher->dispatch(Object(Cake\Network\Request), Object(Cake\Network\Response))
#1 {main}


2016-09-27 13:00:18 Error: [Cake\Routing\Exception\MissingControllerException] Controller class Resources could not be found.
Exception Attributes: array (
  'class' => 'Resources',
  'plugin' => NULL,
  'prefix' => NULL,
  '_ext' => NULL,
)
Request URL: /resources/demos/style.css
Referer URL: http://cakeplugin:8080/posts/edit/1
Stack Trace:
#0 C:\wamp64\www\CakePlugin\webroot\index.php(36): Cake\Routing\Dispatcher->dispatch(Object(Cake\Network\Request), Object(Cake\Network\Response))
#1 {main}


2016-09-27 13:00:27 Error: [Cake\Routing\Exception\MissingControllerException] Controller class Resources could not be found.
Exception Attributes: array (
  'class' => 'Resources',
  'plugin' => NULL,
  'prefix' => NULL,
  '_ext' => NULL,
)
Request URL: /resources/demos/style.css
Referer URL: http://cakeplugin:8080/posts/edit/1
Stack Trace:
#0 C:\wamp64\www\CakePlugin\webroot\index.php(36): Cake\Routing\Dispatcher->dispatch(Object(Cake\Network\Request), Object(Cake\Network\Response))
#1 {main}


2016-09-27 13:00:55 Error: [Cake\Routing\Exception\MissingControllerException] Controller class Resources could not be found.
Exception Attributes: array (
  'class' => 'Resources',
  'plugin' => NULL,
  'prefix' => NULL,
  '_ext' => NULL,
)
Request URL: /resources/demos/style.css
Referer URL: http://cakeplugin:8080/posts/edit/1
Stack Trace:
#0 C:\wamp64\www\CakePlugin\webroot\index.php(36): Cake\Routing\Dispatcher->dispatch(Object(Cake\Network\Request), Object(Cake\Network\Response))
#1 {main}


2016-09-27 13:01:07 Error: [Cake\Routing\Exception\MissingControllerException] Controller class Resources could not be found.
Exception Attributes: array (
  'class' => 'Resources',
  'plugin' => NULL,
  'prefix' => NULL,
  '_ext' => NULL,
)
Request URL: /resources/demos/style.css
Referer URL: http://cakeplugin:8080/posts/edit/1
Stack Trace:
#0 C:\wamp64\www\CakePlugin\webroot\index.php(36): Cake\Routing\Dispatcher->dispatch(Object(Cake\Network\Request), Object(Cake\Network\Response))
#1 {main}


2016-09-27 13:01:35 Error: [Cake\Routing\Exception\MissingControllerException] Controller class Resources could not be found.
Exception Attributes: array (
  'class' => 'Resources',
  'plugin' => NULL,
  'prefix' => NULL,
  '_ext' => NULL,
)
Request URL: /resources/demos/style.css
Referer URL: http://cakeplugin:8080/posts/edit/1
Stack Trace:
#0 C:\wamp64\www\CakePlugin\webroot\index.php(36): Cake\Routing\Dispatcher->dispatch(Object(Cake\Network\Request), Object(Cake\Network\Response))
#1 {main}


2016-09-27 13:02:01 Error: [Cake\Routing\Exception\MissingControllerException] Controller class Resources could not be found.
Exception Attributes: array (
  'class' => 'Resources',
  'plugin' => NULL,
  'prefix' => NULL,
  '_ext' => NULL,
)
Request URL: /resources/demos/style.css
Referer URL: http://cakeplugin:8080/posts/edit/1
Stack Trace:
#0 C:\wamp64\www\CakePlugin\webroot\index.php(36): Cake\Routing\Dispatcher->dispatch(Object(Cake\Network\Request), Object(Cake\Network\Response))
#1 {main}


2016-09-27 13:02:15 Error: [Cake\Routing\Exception\MissingControllerException] Controller class Resources could not be found.
Exception Attributes: array (
  'class' => 'Resources',
  'plugin' => NULL,
  'prefix' => NULL,
  '_ext' => NULL,
)
Request URL: /resources/demos/style.css
Referer URL: http://cakeplugin:8080/posts/edit/1
Stack Trace:
#0 C:\wamp64\www\CakePlugin\webroot\index.php(36): Cake\Routing\Dispatcher->dispatch(Object(Cake\Network\Request), Object(Cake\Network\Response))
#1 {main}


2016-09-27 13:08:27 Error: [Cake\Routing\Exception\MissingControllerException] Controller class Resources could not be found.
Exception Attributes: array (
  'class' => 'Resources',
  'plugin' => NULL,
  'prefix' => NULL,
  '_ext' => NULL,
)
Request URL: /resources/demos/style.css
Referer URL: http://cakeplugin:8080/posts/edit/1
Stack Trace:
#0 C:\wamp64\www\CakePlugin\webroot\index.php(36): Cake\Routing\Dispatcher->dispatch(Object(Cake\Network\Request), Object(Cake\Network\Response))
#1 {main}


2016-09-27 13:10:11 Error: [Cake\Routing\Exception\MissingControllerException] Controller class Resources could not be found.
Exception Attributes: array (
  'class' => 'Resources',
  'plugin' => NULL,
  'prefix' => NULL,
  '_ext' => NULL,
)
Request URL: /resources/demos/style.css
Referer URL: http://cakeplugin:8080/posts/edit/1
Stack Trace:
#0 C:\wamp64\www\CakePlugin\webroot\index.php(36): Cake\Routing\Dispatcher->dispatch(Object(Cake\Network\Request), Object(Cake\Network\Response))
#1 {main}


2016-09-27 13:10:36 Error: [Cake\Routing\Exception\MissingControllerException] Controller class Resources could not be found.
Exception Attributes: array (
  'class' => 'Resources',
  'plugin' => NULL,
  'prefix' => NULL,
  '_ext' => NULL,
)
Request URL: /resources/demos/style.css
Referer URL: http://cakeplugin:8080/posts/edit/1
Stack Trace:
#0 C:\wamp64\www\CakePlugin\webroot\index.php(36): Cake\Routing\Dispatcher->dispatch(Object(Cake\Network\Request), Object(Cake\Network\Response))
#1 {main}


2016-09-27 13:16:47 Error: [Cake\Routing\Exception\MissingControllerException] Controller class Resources could not be found.
Exception Attributes: array (
  'class' => 'Resources',
  'plugin' => NULL,
  'prefix' => NULL,
  '_ext' => NULL,
)
Request URL: /resources/demos/style.css
Referer URL: http://cakeplugin:8080/posts/edit/1
Stack Trace:
#0 C:\wamp64\www\CakePlugin\webroot\index.php(36): Cake\Routing\Dispatcher->dispatch(Object(Cake\Network\Request), Object(Cake\Network\Response))
#1 {main}


2016-09-27 13:24:05 Error: [Cake\Routing\Exception\MissingControllerException] Controller class Resources could not be found.
Exception Attributes: array (
  'class' => 'Resources',
  'plugin' => NULL,
  'prefix' => NULL,
  '_ext' => NULL,
)
Request URL: /resources/demos/style.css
Referer URL: http://cakeplugin:8080/posts/edit/1
Stack Trace:
#0 C:\wamp64\www\CakePlugin\webroot\index.php(36): Cake\Routing\Dispatcher->dispatch(Object(Cake\Network\Request), Object(Cake\Network\Response))
#1 {main}


2016-09-27 13:26:29 Error: [Cake\Routing\Exception\MissingControllerException] Controller class Resources could not be found.
Exception Attributes: array (
  'class' => 'Resources',
  'plugin' => NULL,
  'prefix' => NULL,
  '_ext' => NULL,
)
Request URL: /resources/demos/style.css
Referer URL: http://cakeplugin:8080/posts/edit/1
Stack Trace:
#0 C:\wamp64\www\CakePlugin\webroot\index.php(36): Cake\Routing\Dispatcher->dispatch(Object(Cake\Network\Request), Object(Cake\Network\Response))
#1 {main}


2016-09-27 13:27:53 Error: [Cake\Routing\Exception\MissingControllerException] Controller class Resources could not be found.
Exception Attributes: array (
  'class' => 'Resources',
  'plugin' => NULL,
  'prefix' => NULL,
  '_ext' => NULL,
)
Request URL: /resources/demos/style.css
Referer URL: http://cakeplugin:8080/posts/edit/1
Stack Trace:
#0 C:\wamp64\www\CakePlugin\webroot\index.php(36): Cake\Routing\Dispatcher->dispatch(Object(Cake\Network\Request), Object(Cake\Network\Response))
#1 {main}


2016-09-27 13:29:59 Error: [Cake\Routing\Exception\MissingControllerException] Controller class Resources could not be found.
Exception Attributes: array (
  'class' => 'Resources',
  'plugin' => NULL,
  'prefix' => NULL,
  '_ext' => NULL,
)
Request URL: /resources/demos/style.css
Referer URL: http://cakeplugin:8080/posts/edit/1
Stack Trace:
#0 C:\wamp64\www\CakePlugin\webroot\index.php(36): Cake\Routing\Dispatcher->dispatch(Object(Cake\Network\Request), Object(Cake\Network\Response))
#1 {main}


2016-09-27 13:31:50 Error: [Cake\Routing\Exception\MissingControllerException] Controller class Resources could not be found.
Exception Attributes: array (
  'class' => 'Resources',
  'plugin' => NULL,
  'prefix' => NULL,
  '_ext' => NULL,
)
Request URL: /resources/demos/style.css
Referer URL: http://cakeplugin:8080/posts/edit/1
Stack Trace:
#0 C:\wamp64\www\CakePlugin\webroot\index.php(36): Cake\Routing\Dispatcher->dispatch(Object(Cake\Network\Request), Object(Cake\Network\Response))
#1 {main}


2016-09-27 14:07:03 Error: [Cake\Routing\Exception\MissingControllerException] Controller class Resources could not be found.
Exception Attributes: array (
  'class' => 'Resources',
  'plugin' => NULL,
  'prefix' => NULL,
  '_ext' => NULL,
)
Request URL: /resources/demos/style.css
Referer URL: http://cakeplugin:8080/posts/edit/1
Stack Trace:
#0 C:\wamp64\www\CakePlugin\webroot\index.php(36): Cake\Routing\Dispatcher->dispatch(Object(Cake\Network\Request), Object(Cake\Network\Response))
#1 {main}


2016-09-27 14:09:10 Error: [Cake\Routing\Exception\MissingControllerException] Controller class Resources could not be found.
Exception Attributes: array (
  'class' => 'Resources',
  'plugin' => NULL,
  'prefix' => NULL,
  '_ext' => NULL,
)
Request URL: /resources/demos/style.css
Referer URL: http://cakeplugin:8080/posts/edit/1
Stack Trace:
#0 C:\wamp64\www\CakePlugin\webroot\index.php(36): Cake\Routing\Dispatcher->dispatch(Object(Cake\Network\Request), Object(Cake\Network\Response))
#1 {main}


2016-09-27 14:10:23 Error: [Cake\Routing\Exception\MissingControllerException] Controller class Resources could not be found.
Exception Attributes: array (
  'class' => 'Resources',
  'plugin' => NULL,
  'prefix' => NULL,
  '_ext' => NULL,
)
Request URL: /resources/demos/style.css
Referer URL: http://cakeplugin:8080/posts/edit/1
Stack Trace:
#0 C:\wamp64\www\CakePlugin\webroot\index.php(36): Cake\Routing\Dispatcher->dispatch(Object(Cake\Network\Request), Object(Cake\Network\Response))
#1 {main}


2016-09-28 07:06:47 Error: [Cake\Routing\Exception\MissingControllerException] Controller class Home could not be found.
Exception Attributes: array (
  'class' => 'Home',
  'plugin' => NULL,
  'prefix' => NULL,
  '_ext' => NULL,
)
Request URL: /home
Stack Trace:
#0 C:\wamp64\www\CakePlugin\webroot\index.php(36): Cake\Routing\Dispatcher->dispatch(Object(Cake\Network\Request), Object(Cake\Network\Response))
#1 {main}


2016-09-28 07:07:29 Error: Fatal Error (1): Class 'appcontroller' not found in [C:\wamp64\www\CakePlugin\src\Controller\HomeController.php, line 9]
Request URL: /home
Trace:
Cake\Error\BaseErrorHandler::handleFatalError() - CORE\src\Error\BaseErrorHandler.php, line 216
Cake\Error\BaseErrorHandler::Cake\Error\{closure}() - CORE\src\Error\BaseErrorHandler.php, line 97
[main] - [internal], line ??



2016-09-28 07:07:30 Warning: Headers already sent in C:\wamp64\www\CakePlugin\src\Controller\HomeController.php:9
2016-09-28 07:07:30 Error: [Cake\Error\FatalErrorException] Class 'appcontroller' not found
Request URL: /home
Stack Trace:
#0 C:\wamp64\www\CakePlugin\vendor\cakephp\cakephp\src\Error\BaseErrorHandler.php(97): Cake\Error\BaseErrorHandler->handleFatalError(1, 'Class 'appcontr...', 'C:\\wamp64\\www\\C...', 9)
#1 [internal function]: Cake\Error\BaseErrorHandler->Cake\Error\{closure}()
#2 {main}


2016-09-28 07:07:53 Error: Fatal Error (1): Class 'AppController' not found in [C:\wamp64\www\CakePlugin\src\Controller\HomeController.php, line 9]
Request URL: /home
Trace:
Cake\Error\BaseErrorHandler::handleFatalError() - CORE\src\Error\BaseErrorHandler.php, line 216
Cake\Error\BaseErrorHandler::Cake\Error\{closure}() - CORE\src\Error\BaseErrorHandler.php, line 97
[main] - [internal], line ??



2016-09-28 07:07:53 Warning: Headers already sent in C:\wamp64\www\CakePlugin\src\Controller\HomeController.php:9
2016-09-28 07:07:53 Error: [Cake\Error\FatalErrorException] Class 'AppController' not found
Request URL: /home
Stack Trace:
#0 C:\wamp64\www\CakePlugin\vendor\cakephp\cakephp\src\Error\BaseErrorHandler.php(97): Cake\Error\BaseErrorHandler->handleFatalError(1, 'Class 'AppContr...', 'C:\\wamp64\\www\\C...', 9)
#1 [internal function]: Cake\Error\BaseErrorHandler->Cake\Error\{closure}()
#2 {main}


2016-09-28 07:25:19 Error: [Cake\Routing\Exception\MissingControllerException] Controller class Resources could not be found.
Exception Attributes: array (
  'class' => 'Resources',
  'plugin' => NULL,
  'prefix' => NULL,
  '_ext' => NULL,
)
Request URL: /resources/demos/style.css
Referer URL: http://cakeplugin:8080/Posts/edit/1
Stack Trace:
#0 C:\wamp64\www\CakePlugin\webroot\index.php(36): Cake\Routing\Dispatcher->dispatch(Object(Cake\Network\Request), Object(Cake\Network\Response))
#1 {main}


2016-09-28 07:31:38 Error: [Cake\Routing\Exception\MissingControllerException] Controller class Resources could not be found.
Exception Attributes: array (
  'class' => 'Resources',
  'plugin' => NULL,
  'prefix' => NULL,
  '_ext' => NULL,
)
Request URL: /resources/demos/style.css
Referer URL: http://cakeplugin:8080/Posts/edit/1
Stack Trace:
#0 C:\wamp64\www\CakePlugin\webroot\index.php(36): Cake\Routing\Dispatcher->dispatch(Object(Cake\Network\Request), Object(Cake\Network\Response))
#1 {main}


2016-09-28 07:34:44 Warning: Warning (2): include(C:\wamp64\www\CakePlugin\plugins\Posts\config\bootstrap.php): failed to open stream: No such file or directory in [C:\wamp64\www\CakePlugin\vendor\cakephp\cakephp\src\Core\Plugin.php, line 399]
Trace:
Cake\Error\BaseErrorHandler::handleError() - CORE\src\Error\BaseErrorHandler.php, line 146
include - CORE\src\Core\Plugin.php, line 399
Cake\Core\Plugin::_includeFile() - CORE\src\Core\Plugin.php, line 399
Cake\Core\Plugin::bootstrap() - CORE\src\Core\Plugin.php, line 320
Cake\Core\Plugin::load() - CORE\src\Core\Plugin.php, line 175
require - ROOT\config\bootstrap.php, line 205
[main] - ROOT\webroot\index.php, line 27



2016-09-28 07:34:44 Warning: Warning (2): include() [<a href='http://php.net/function.include'>function.include</a>]: Failed opening 'C:\wamp64\www\CakePlugin\plugins\Posts\config\bootstrap.php' for inclusion (include_path='.;C:\php\pear') in [C:\wamp64\www\CakePlugin\vendor\cakephp\cakephp\src\Core\Plugin.php, line 399]
Trace:
Cake\Error\BaseErrorHandler::handleError() - CORE\src\Error\BaseErrorHandler.php, line 146
include - CORE\src\Core\Plugin.php, line 399
Cake\Core\Plugin::_includeFile() - CORE\src\Core\Plugin.php, line 399
Cake\Core\Plugin::bootstrap() - CORE\src\Core\Plugin.php, line 320
Cake\Core\Plugin::load() - CORE\src\Core\Plugin.php, line 175
require - ROOT\config\bootstrap.php, line 205
[main] - ROOT\webroot\index.php, line 27



2016-09-28 07:37:27 Error: [Cake\Controller\Exception\MissingActionException] Action HomeController::posts() could not be found, or is not accessible.
Exception Attributes: array (
  'controller' => 'HomeController',
  'action' => 'posts',
  'prefix' => '',
  'plugin' => NULL,
)
Request URL: /home/posts
Stack Trace:
#0 C:\wamp64\www\CakePlugin\vendor\cakephp\cakephp\src\Routing\Dispatcher.php(115): Cake\Controller\Controller->invokeAction()
#1 C:\wamp64\www\CakePlugin\vendor\cakephp\cakephp\src\Routing\Dispatcher.php(88): Cake\Routing\Dispatcher->_invoke(Object(App\Controller\HomeController))
#2 C:\wamp64\www\CakePlugin\webroot\index.php(36): Cake\Routing\Dispatcher->dispatch(Object(Cake\Network\Request), Object(Cake\Network\Response))
#3 {main}


2016-09-28 07:37:46 Error: [Cake\Routing\Exception\MissingControllerException] Controller class Home could not be found.
Exception Attributes: array (
  'class' => 'Home',
  'plugin' => 'Posts',
  'prefix' => NULL,
  '_ext' => NULL,
)
Request URL: /posts/home
Stack Trace:
#0 C:\wamp64\www\CakePlugin\webroot\index.php(36): Cake\Routing\Dispatcher->dispatch(Object(Cake\Network\Request), Object(Cake\Network\Response))
#1 {main}


2016-09-28 07:40:09 Error: [Cake\Routing\Exception\MissingControllerException] Controller class Resources could not be found.
Exception Attributes: array (
  'class' => 'Resources',
  'plugin' => NULL,
  'prefix' => NULL,
  '_ext' => NULL,
)
Request URL: /resources/demos/style.css
Referer URL: http://cakeplugin:8080/Posts/edit/1
Stack Trace:
#0 C:\wamp64\www\CakePlugin\webroot\index.php(36): Cake\Routing\Dispatcher->dispatch(Object(Cake\Network\Request), Object(Cake\Network\Response))
#1 {main}


2016-09-28 07:43:53 Error: [Cake\Controller\Exception\MissingActionException] Action HomeController::posts() could not be found, or is not accessible.
Exception Attributes: array (
  'controller' => 'HomeController',
  'action' => 'posts',
  'prefix' => '',
  'plugin' => NULL,
)
Request URL: /home/posts
Stack Trace:
#0 C:\wamp64\www\CakePlugin\vendor\cakephp\cakephp\src\Routing\Dispatcher.php(115): Cake\Controller\Controller->invokeAction()
#1 C:\wamp64\www\CakePlugin\vendor\cakephp\cakephp\src\Routing\Dispatcher.php(88): Cake\Routing\Dispatcher->_invoke(Object(App\Controller\HomeController))
#2 C:\wamp64\www\CakePlugin\webroot\index.php(36): Cake\Routing\Dispatcher->dispatch(Object(Cake\Network\Request), Object(Cake\Network\Response))
#3 {main}


2016-09-28 07:59:17 Error: [Cake\Controller\Exception\MissingActionException] Action HomeController::posts() could not be found, or is not accessible.
Exception Attributes: array (
  'controller' => 'HomeController',
  'action' => 'posts',
  'prefix' => '',
  'plugin' => NULL,
)
Request URL: /home/posts/posts
Stack Trace:
#0 C:\wamp64\www\CakePlugin\vendor\cakephp\cakephp\src\Routing\Dispatcher.php(115): Cake\Controller\Controller->invokeAction()
#1 C:\wamp64\www\CakePlugin\vendor\cakephp\cakephp\src\Routing\Dispatcher.php(88): Cake\Routing\Dispatcher->_invoke(Object(App\Controller\HomeController))
#2 C:\wamp64\www\CakePlugin\webroot\index.php(36): Cake\Routing\Dispatcher->dispatch(Object(Cake\Network\Request), Object(Cake\Network\Response))
#3 {main}


2016-09-28 07:59:35 Error: [Cake\Routing\Exception\MissingControllerException] Controller class Posts could not be found.
Exception Attributes: array (
  'class' => 'Posts',
  'plugin' => 'Posts',
  'prefix' => NULL,
  '_ext' => NULL,
)
Request URL: /posts/posts
Stack Trace:
#0 C:\wamp64\www\CakePlugin\webroot\index.php(36): Cake\Routing\Dispatcher->dispatch(Object(Cake\Network\Request), Object(Cake\Network\Response))
#1 {main}


2016-09-28 08:01:17 Error: [ParseError] syntax error, unexpected '(', expecting identifier (T_STRING) or variable (T_VARIABLE) or '{' or '$'
Request URL: /home
Stack Trace:
#0 C:\wamp64\www\CakePlugin\vendor\cakephp\cakephp\src\View\View.php(964): Cake\View\View->_evaluate('C:\\wamp64\\www\\C...', Array)
#1 C:\wamp64\www\CakePlugin\vendor\cakephp\cakephp\src\View\View.php(588): Cake\View\View->_render('C:\\wamp64\\www\\C...')
#2 C:\wamp64\www\CakePlugin\vendor\cakephp\cakephp\src\Controller\Controller.php(617): Cake\View\View->render(NULL, NULL)
#3 C:\wamp64\www\CakePlugin\vendor\cakephp\cakephp\src\Routing\Dispatcher.php(121): Cake\Controller\Controller->render()
#4 C:\wamp64\www\CakePlugin\vendor\cakephp\cakephp\src\Routing\Dispatcher.php(88): Cake\Routing\Dispatcher->_invoke(Object(App\Controller\HomeController))
#5 C:\wamp64\www\CakePlugin\webroot\index.php(36): Cake\Routing\Dispatcher->dispatch(Object(Cake\Network\Request), Object(Cake\Network\Response))
#6 {main}


2016-09-28 08:01:22 Error: [ParseError] syntax error, unexpected '(', expecting identifier (T_STRING) or variable (T_VARIABLE) or '{' or '$'
Request URL: /home
Stack Trace:
#0 C:\wamp64\www\CakePlugin\vendor\cakephp\cakephp\src\View\View.php(964): Cake\View\View->_evaluate('C:\\wamp64\\www\\C...', Array)
#1 C:\wamp64\www\CakePlugin\vendor\cakephp\cakephp\src\View\View.php(588): Cake\View\View->_render('C:\\wamp64\\www\\C...')
#2 C:\wamp64\www\CakePlugin\vendor\cakephp\cakephp\src\Controller\Controller.php(617): Cake\View\View->render(NULL, NULL)
#3 C:\wamp64\www\CakePlugin\vendor\cakephp\cakephp\src\Routing\Dispatcher.php(121): Cake\Controller\Controller->render()
#4 C:\wamp64\www\CakePlugin\vendor\cakephp\cakephp\src\Routing\Dispatcher.php(88): Cake\Routing\Dispatcher->_invoke(Object(App\Controller\HomeController))
#5 C:\wamp64\www\CakePlugin\webroot\index.php(36): Cake\Routing\Dispatcher->dispatch(Object(Cake\Network\Request), Object(Cake\Network\Response))
#6 {main}


2016-09-28 08:16:36 Warning: Warning (2): strpos() expects parameter 1 to be string, array given in [C:\wamp64\www\CakePlugin\vendor\cakephp\cakephp\src\Core\functions.php, line 92]
Request URL: /home
Trace:
Cake\Error\BaseErrorHandler::handleError() - CORE\src\Error\BaseErrorHandler.php, line 146
strpos - [internal], line ??
pluginSplit - CORE\src\Core\functions.php, line 92
Cake\View\View::pluginSplit() - CORE\src\View\View.php, line 1141
Cake\View\View::_getLayoutFileName() - CORE\src\View\View.php, line 1170
Cake\View\View::renderLayout() - CORE\src\View\View.php, line 617
Cake\View\View::render() - CORE\src\View\View.php, line 593
Cake\Controller\Controller::render() - CORE\src\Controller\Controller.php, line 617
Cake\Routing\Dispatcher::_invoke() - CORE\src\Routing\Dispatcher.php, line 121
Cake\Routing\Dispatcher::dispatch() - CORE\src\Routing\Dispatcher.php, line 88
[main] - ROOT\webroot\index.php, line 36



2016-09-28 08:16:36 Warning: Warning (2): explode() expects parameter 2 to be string, array given in [C:\wamp64\www\CakePlugin\vendor\cakephp\cakephp\src\Core\functions.php, line 93]
Request URL: /home
Trace:
Cake\Error\BaseErrorHandler::handleError() - CORE\src\Error\BaseErrorHandler.php, line 146
explode - [internal], line ??
pluginSplit - CORE\src\Core\functions.php, line 93
Cake\View\View::pluginSplit() - CORE\src\View\View.php, line 1141
Cake\View\View::_getLayoutFileName() - CORE\src\View\View.php, line 1170
Cake\View\View::renderLayout() - CORE\src\View\View.php, line 617
Cake\View\View::render() - CORE\src\View\View.php, line 593
Cake\Controller\Controller::render() - CORE\src\Controller\Controller.php, line 617
Cake\Routing\Dispatcher::_invoke() - CORE\src\Routing\Dispatcher.php, line 121
Cake\Routing\Dispatcher::dispatch() - CORE\src\Routing\Dispatcher.php, line 88
[main] - ROOT\webroot\index.php, line 36



2016-09-28 08:16:37 Warning: Headers already sent in C:\wamp64\www\CakePlugin\vendor\cakephp\cakephp\src\Error\Debugger.php:753
2016-09-28 08:16:37 Error: [Cake\View\Exception\MissingLayoutException] Layout file "Layout\Array.ctp" is missing.
Exception Attributes: array (
  'file' => 'Layout\\Array.ctp',
)
Request URL: /home
Stack Trace:
#0 C:\wamp64\www\CakePlugin\vendor\cakephp\cakephp\src\View\View.php(617): Cake\View\View->_getLayoutFileName(Array)
#1 C:\wamp64\www\CakePlugin\vendor\cakephp\cakephp\src\View\View.php(593): Cake\View\View->renderLayout('', Array)
#2 C:\wamp64\www\CakePlugin\vendor\cakephp\cakephp\src\Controller\Controller.php(617): Cake\View\View->render(NULL, NULL)
#3 C:\wamp64\www\CakePlugin\vendor\cakephp\cakephp\src\Routing\Dispatcher.php(121): Cake\Controller\Controller->render()
#4 C:\wamp64\www\CakePlugin\vendor\cakephp\cakephp\src\Routing\Dispatcher.php(88): Cake\Routing\Dispatcher->_invoke(Object(App\Controller\HomeController))
#5 C:\wamp64\www\CakePlugin\webroot\index.php(36): Cake\Routing\Dispatcher->dispatch(Object(Cake\Network\Request), Object(Cake\Network\Response))
#6 {main}


2016-09-28 08:24:09 Error: [Cake\Routing\Exception\MissingControllerException] Controller class Resources could not be found.
Exception Attributes: array (
  'class' => 'Resources',
  'plugin' => NULL,
  'prefix' => NULL,
  '_ext' => NULL,
)
Request URL: /resources/demos/style.css
Referer URL: http://cakeplugin:8080/Posts/edit/1
Stack Trace:
#0 C:\wamp64\www\CakePlugin\webroot\index.php(36): Cake\Routing\Dispatcher->dispatch(Object(Cake\Network\Request), Object(Cake\Network\Response))
#1 {main}


2016-09-28 08:27:01 Error: [Cake\Routing\Exception\MissingControllerException] Controller class Resources could not be found.
Exception Attributes: array (
  'class' => 'Resources',
  'plugin' => NULL,
  'prefix' => NULL,
  '_ext' => NULL,
)
Request URL: /resources/demos/style.css
Referer URL: http://cakeplugin:8080/Posts/edit/1
Stack Trace:
#0 C:\wamp64\www\CakePlugin\webroot\index.php(36): Cake\Routing\Dispatcher->dispatch(Object(Cake\Network\Request), Object(Cake\Network\Response))
#1 {main}


2016-09-28 08:27:02 Error: [Cake\Routing\Exception\MissingControllerException] Controller class Resources could not be found.
Exception Attributes: array (
  'class' => 'Resources',
  'plugin' => NULL,
  'prefix' => NULL,
  '_ext' => NULL,
)
Request URL: /resources/demos/style.css
Referer URL: http://cakeplugin:8080/Posts/edit/1
Stack Trace:
#0 C:\wamp64\www\CakePlugin\webroot\index.php(36): Cake\Routing\Dispatcher->dispatch(Object(Cake\Network\Request), Object(Cake\Network\Response))
#1 {main}


2016-09-28 08:27:35 Error: [Cake\Controller\Exception\MissingActionException] Action PostsController::home() could not be found, or is not accessible.
Exception Attributes: array (
  'controller' => 'PostsController',
  'action' => 'home',
  'prefix' => '',
  'plugin' => NULL,
)
Request URL: /posts/home
Stack Trace:
#0 C:\wamp64\www\CakePlugin\vendor\cakephp\cakephp\src\Routing\Dispatcher.php(115): Cake\Controller\Controller->invokeAction()
#1 C:\wamp64\www\CakePlugin\vendor\cakephp\cakephp\src\Routing\Dispatcher.php(88): Cake\Routing\Dispatcher->_invoke(Object(App\Controller\PostsController))
#2 C:\wamp64\www\CakePlugin\webroot\index.php(36): Cake\Routing\Dispatcher->dispatch(Object(Cake\Network\Request), Object(Cake\Network\Response))
#3 {main}


2016-09-28 08:27:42 Error: [Cake\Controller\Exception\MissingActionException] Action PostsController::home() could not be found, or is not accessible.
Exception Attributes: array (
  'controller' => 'PostsController',
  'action' => 'home',
  'prefix' => '',
  'plugin' => NULL,
)
Request URL: /posts/home
Stack Trace:
#0 C:\wamp64\www\CakePlugin\vendor\cakephp\cakephp\src\Routing\Dispatcher.php(115): Cake\Controller\Controller->invokeAction()
#1 C:\wamp64\www\CakePlugin\vendor\cakephp\cakephp\src\Routing\Dispatcher.php(88): Cake\Routing\Dispatcher->_invoke(Object(App\Controller\PostsController))
#2 C:\wamp64\www\CakePlugin\webroot\index.php(36): Cake\Routing\Dispatcher->dispatch(Object(Cake\Network\Request), Object(Cake\Network\Response))
#3 {main}


2016-09-28 08:30:17 Error: [Cake\Routing\Exception\MissingControllerException] Controller class Resources could not be found.
Exception Attributes: array (
  'class' => 'Resources',
  'plugin' => NULL,
  'prefix' => NULL,
  '_ext' => NULL,
)
Request URL: /resources/demos/style.css
Referer URL: http://cakeplugin:8080/Posts/edit/1
Stack Trace:
#0 C:\wamp64\www\CakePlugin\webroot\index.php(36): Cake\Routing\Dispatcher->dispatch(Object(Cake\Network\Request), Object(Cake\Network\Response))
#1 {main}


2016-09-28 08:30:43 Error: [Cake\Routing\Exception\MissingControllerException] Controller class Edit could not be found.
Exception Attributes: array (
  'class' => 'Edit',
  'plugin' => 'Posts',
  'prefix' => NULL,
  '_ext' => NULL,
)
Request URL: /Posts/edit/1
Stack Trace:
#0 C:\wamp64\www\CakePlugin\webroot\index.php(36): Cake\Routing\Dispatcher->dispatch(Object(Cake\Network\Request), Object(Cake\Network\Response))
#1 {main}


2016-09-28 08:30:59 Error: [Cake\Routing\Exception\MissingControllerException] Controller class Resources could not be found.
Exception Attributes: array (
  'class' => 'Resources',
  'plugin' => NULL,
  'prefix' => NULL,
  '_ext' => NULL,
)
Request URL: /resources/demos/style.css
Referer URL: http://cakeplugin:8080/Posts/edit/1
Stack Trace:
#0 C:\wamp64\www\CakePlugin\webroot\index.php(36): Cake\Routing\Dispatcher->dispatch(Object(Cake\Network\Request), Object(Cake\Network\Response))
#1 {main}


2016-09-28 08:33:27 Error: [Cake\Routing\Exception\MissingControllerException] Controller class Resources could not be found.
Exception Attributes: array (
  'class' => 'Resources',
  'plugin' => NULL,
  'prefix' => NULL,
  '_ext' => NULL,
)
Request URL: /resources/demos/style.css
Referer URL: http://cakeplugin:8080/Posts/edit/1
Stack Trace:
#0 C:\wamp64\www\CakePlugin\webroot\index.php(36): Cake\Routing\Dispatcher->dispatch(Object(Cake\Network\Request), Object(Cake\Network\Response))
#1 {main}


2016-09-28 08:33:43 Error: [Cake\Routing\Exception\MissingControllerException] Controller class Resources could not be found.
Exception Attributes: array (
  'class' => 'Resources',
  'plugin' => NULL,
  'prefix' => NULL,
  '_ext' => NULL,
)
Request URL: /resources/demos/style.css
Referer URL: http://cakeplugin:8080/Posts/edit/1
Stack Trace:
#0 C:\wamp64\www\CakePlugin\webroot\index.php(36): Cake\Routing\Dispatcher->dispatch(Object(Cake\Network\Request), Object(Cake\Network\Response))
#1 {main}


2016-09-28 08:33:50 Error: [Cake\Routing\Exception\MissingControllerException] Controller class Resources could not be found.
Exception Attributes: array (
  'class' => 'Resources',
  'plugin' => NULL,
  'prefix' => NULL,
  '_ext' => NULL,
)
Request URL: /resources/demos/style.css
Referer URL: http://cakeplugin:8080/Posts/edit/1
Stack Trace:
#0 C:\wamp64\www\CakePlugin\webroot\index.php(36): Cake\Routing\Dispatcher->dispatch(Object(Cake\Network\Request), Object(Cake\Network\Response))
#1 {main}


2016-09-28 08:34:08 Error: [Cake\Controller\Exception\MissingActionException] Action HomeController::posts() could not be found, or is not accessible.
Exception Attributes: array (
  'controller' => 'HomeController',
  'action' => 'posts',
  'prefix' => '',
  'plugin' => NULL,
)
Request URL: /home/posts/posts/view/1
Stack Trace:
#0 C:\wamp64\www\CakePlugin\vendor\cakephp\cakephp\src\Routing\Dispatcher.php(115): Cake\Controller\Controller->invokeAction()
#1 C:\wamp64\www\CakePlugin\vendor\cakephp\cakephp\src\Routing\Dispatcher.php(88): Cake\Routing\Dispatcher->_invoke(Object(App\Controller\HomeController))
#2 C:\wamp64\www\CakePlugin\webroot\index.php(36): Cake\Routing\Dispatcher->dispatch(Object(Cake\Network\Request), Object(Cake\Network\Response))
#3 {main}


2016-09-28 08:34:42 Error: [Cake\Controller\Exception\MissingActionException] Action HomeController::posts() could not be found, or is not accessible.
Exception Attributes: array (
  'controller' => 'HomeController',
  'action' => 'posts',
  'prefix' => '',
  'plugin' => NULL,
)
Request URL: /home/posts/Posts/view/1
Stack Trace:
#0 C:\wamp64\www\CakePlugin\vendor\cakephp\cakephp\src\Routing\Dispatcher.php(115): Cake\Controller\Controller->invokeAction()
#1 C:\wamp64\www\CakePlugin\vendor\cakephp\cakephp\src\Routing\Dispatcher.php(88): Cake\Routing\Dispatcher->_invoke(Object(App\Controller\HomeController))
#2 C:\wamp64\www\CakePlugin\webroot\index.php(36): Cake\Routing\Dispatcher->dispatch(Object(Cake\Network\Request), Object(Cake\Network\Response))
#3 {main}


2016-09-28 08:34:53 Error: [Cake\Controller\Exception\MissingActionException] Action HomeController::posts() could not be found, or is not accessible.
Exception Attributes: array (
  'controller' => 'HomeController',
  'action' => 'posts',
  'prefix' => '',
  'plugin' => NULL,
)
Request URL: /home/posts/Posts/edit/1
Stack Trace:
#0 C:\wamp64\www\CakePlugin\vendor\cakephp\cakephp\src\Routing\Dispatcher.php(115): Cake\Controller\Controller->invokeAction()
#1 C:\wamp64\www\CakePlugin\vendor\cakephp\cakephp\src\Routing\Dispatcher.php(88): Cake\Routing\Dispatcher->_invoke(Object(App\Controller\HomeController))
#2 C:\wamp64\www\CakePlugin\webroot\index.php(36): Cake\Routing\Dispatcher->dispatch(Object(Cake\Network\Request), Object(Cake\Network\Response))
#3 {main}


2016-09-28 08:35:03 Error: [Cake\Controller\Exception\MissingActionException] Action HomeController::posts() could not be found, or is not accessible.
Exception Attributes: array (
  'controller' => 'HomeController',
  'action' => 'posts',
  'prefix' => '',
  'plugin' => NULL,
)
Request URL: /home/posts/Posts/
Stack Trace:
#0 C:\wamp64\www\CakePlugin\vendor\cakephp\cakephp\src\Routing\Dispatcher.php(115): Cake\Controller\Controller->invokeAction()
#1 C:\wamp64\www\CakePlugin\vendor\cakephp\cakephp\src\Routing\Dispatcher.php(88): Cake\Routing\Dispatcher->_invoke(Object(App\Controller\HomeController))
#2 C:\wamp64\www\CakePlugin\webroot\index.php(36): Cake\Routing\Dispatcher->dispatch(Object(Cake\Network\Request), Object(Cake\Network\Response))
#3 {main}


2016-09-28 08:35:25 Error: [Cake\Controller\Exception\MissingActionException] Action HomeController::posts() could not be found, or is not accessible.
Exception Attributes: array (
  'controller' => 'HomeController',
  'action' => 'posts',
  'prefix' => '',
  'plugin' => NULL,
)
Request URL: /home/posts/Posts/
Stack Trace:
#0 C:\wamp64\www\CakePlugin\vendor\cakephp\cakephp\src\Routing\Dispatcher.php(115): Cake\Controller\Controller->invokeAction()
#1 C:\wamp64\www\CakePlugin\vendor\cakephp\cakephp\src\Routing\Dispatcher.php(88): Cake\Routing\Dispatcher->_invoke(Object(App\Controller\HomeController))
#2 C:\wamp64\www\CakePlugin\webroot\index.php(36): Cake\Routing\Dispatcher->dispatch(Object(Cake\Network\Request), Object(Cake\Network\Response))
#3 {main}


2016-09-28 08:35:34 Error: [Cake\Controller\Exception\MissingActionException] Action HomeController::posts() could not be found, or is not accessible.
Exception Attributes: array (
  'controller' => 'HomeController',
  'action' => 'posts',
  'prefix' => '',
  'plugin' => NULL,
)
Request URL: /home/posts/posts/edit/1
Stack Trace:
#0 C:\wamp64\www\CakePlugin\vendor\cakephp\cakephp\src\Routing\Dispatcher.php(115): Cake\Controller\Controller->invokeAction()
#1 C:\wamp64\www\CakePlugin\vendor\cakephp\cakephp\src\Routing\Dispatcher.php(88): Cake\Routing\Dispatcher->_invoke(Object(App\Controller\HomeController))
#2 C:\wamp64\www\CakePlugin\webroot\index.php(36): Cake\Routing\Dispatcher->dispatch(Object(Cake\Network\Request), Object(Cake\Network\Response))
#3 {main}


2016-09-28 08:58:37 Error: [Cake\Controller\Exception\MissingActionException] Action HomeController::postit() could not be found, or is not accessible.
Exception Attributes: array (
  'controller' => 'HomeController',
  'action' => 'postit',
  'prefix' => '',
  'plugin' => NULL,
)
Request URL: /home/postit
Stack Trace:
#0 C:\wamp64\www\CakePlugin\vendor\cakephp\cakephp\src\Routing\Dispatcher.php(115): Cake\Controller\Controller->invokeAction()
#1 C:\wamp64\www\CakePlugin\vendor\cakephp\cakephp\src\Routing\Dispatcher.php(88): Cake\Routing\Dispatcher->_invoke(Object(App\Controller\HomeController))
#2 C:\wamp64\www\CakePlugin\webroot\index.php(36): Cake\Routing\Dispatcher->dispatch(Object(Cake\Network\Request), Object(Cake\Network\Response))
#3 {main}


2016-09-28 09:05:55 Error: [Cake\Controller\Exception\MissingActionException] Action HomeController::postit() could not be found, or is not accessible.
Exception Attributes: array (
  'controller' => 'HomeController',
  'action' => 'postit',
  'prefix' => '',
  'plugin' => NULL,
)
Request URL: /home/postit
Stack Trace:
#0 C:\wamp64\www\CakePlugin\vendor\cakephp\cakephp\src\Routing\Dispatcher.php(115): Cake\Controller\Controller->invokeAction()
#1 C:\wamp64\www\CakePlugin\vendor\cakephp\cakephp\src\Routing\Dispatcher.php(88): Cake\Routing\Dispatcher->_invoke(Object(App\Controller\HomeController))
#2 C:\wamp64\www\CakePlugin\webroot\index.php(36): Cake\Routing\Dispatcher->dispatch(Object(Cake\Network\Request), Object(Cake\Network\Response))
#3 {main}


2016-09-28 09:05:57 Error: [Cake\Routing\Exception\MissingRouteException] A route matching "array (
  'plugin' => 'Postit',
  'controller' => 'Posts',
  'action' => 'edit',
  'id' => 1,
  '_ext' => NULL,
)" could not be found.
Exception Attributes: array (
  'url' => 'array (
  \'plugin\' => \'Postit\',
  \'controller\' => \'Posts\',
  \'action\' => \'edit\',
  \'id\' => 1,
  \'_ext\' => NULL,
)',
  'context' => 
  array (
    '_base' => '',
    '_port' => '8080',
    '_scheme' => 'http',
    '_host' => 'cakeplugin:8080',
    'params' => 
    array (
      'plugin' => NULL,
      'controller' => 'Home',
      'action' => 'index',
      '_ext' => NULL,
      'pass' => 
      array (
      ),
      '_matchedRoute' => '/:controller',
      'isAjax' => false,
    ),
  ),
)
Request URL: /home
Stack Trace:
#0 C:\wamp64\www\CakePlugin\vendor\cakephp\cakephp\src\Routing\Router.php(622): Cake\Routing\RouteCollection->match(Array, Array)
#1 C:\wamp64\www\CakePlugin\vendor\cakephp\cakephp\src\View\Helper\UrlHelper.php(40): Cake\Routing\Router::url(Array, false)
#2 C:\wamp64\www\CakePlugin\vendor\cakephp\cakephp\src\View\Helper\HtmlHelper.php(340): Cake\View\Helper\UrlHelper->build(Array)
#3 C:\wamp64\www\CakePlugin\src\Template\Home\index.ctp(3): Cake\View\Helper\HtmlHelper->link('MonLien', Array)
#4 C:\wamp64\www\CakePlugin\vendor\cakephp\cakephp\src\View\View.php(1005): include('C:\\wamp64\\www\\C...')
#5 C:\wamp64\www\CakePlugin\vendor\cakephp\cakephp\src\View\View.php(964): Cake\View\View->_evaluate('C:\\wamp64\\www\\C...', Array)
#6 C:\wamp64\www\CakePlugin\vendor\cakephp\cakephp\src\View\View.php(588): Cake\View\View->_render('C:\\wamp64\\www\\C...')
#7 C:\wamp64\www\CakePlugin\vendor\cakephp\cakephp\src\Controller\Controller.php(617): Cake\View\View->render(NULL, NULL)
#8 C:\wamp64\www\CakePlugin\vendor\cakephp\cakephp\src\Routing\Dispatcher.php(121): Cake\Controller\Controller->render()
#9 C:\wamp64\www\CakePlugin\vendor\cakephp\cakephp\src\Routing\Dispatcher.php(88): Cake\Routing\Dispatcher->_invoke(Object(App\Controller\HomeController))
#10 C:\wamp64\www\CakePlugin\webroot\index.php(36): Cake\Routing\Dispatcher->dispatch(Object(Cake\Network\Request), Object(Cake\Network\Response))
#11 {main}


2016-09-28 09:07:32 Error: Fatal Error (256): [Cake\Core\Exception\MissingPluginException] Plugin Posts could not be found.
#0 C:\wamp64\www\CakePlugin\vendor\cakephp\cakephp\src\Core\App.php(190): Cake\Core\Plugin::classPath('Posts')
#1 C:\wamp64\www\CakePlugin\vendor\cakephp\cakephp\src\View\View.php(1264): Cake\Core\App::path('Template', 'Posts')
#2 C:\wamp64\www\CakePlugin\vendor\cakephp\cakephp\src\View\View.php(1083): Cake\View\View->_paths('Posts')
#3 C:\wamp64\www\CakePlugin\vendor\cakephp\cakephp\src\View\View.php(585): Cake\View\View->_getViewFileName('Error\\error500')
#4 C:\wamp64\www\CakePlugin\vendor\cakephp\cakephp\src\Error\ExceptionRenderer.php(366): Cake\View\View->render('error500', 'error')
#5 C:\wamp64\www\CakePlugin\vendor\cakephp\cakephp\src\Error\ExceptionRenderer.php(343): Cake\Error\ExceptionRenderer->_outputMessageSafe('error500')
#6 C:\wamp64\www\CakePlugin\vendor\cakephp\cakephp\src\Error\ExceptionRenderer.php(194): Cake\Error\ExceptionRenderer->_outputMessage('missingControll...')
#7 C:\wamp64\www\CakePlugin\vendor\cakephp\cakephp\src\Error\ErrorHandler.php(144): Cake\Error\ExceptionRenderer->render()
#8 C:\wamp64\www\CakePlugin\vendor\cakephp\cakephp\src\Error\BaseErrorHandler.php(180): Cake\Error\ErrorHandler->_displayException(Object(Cake\Routing\Exception\MissingControllerException))
#9 C:\wamp64\www\CakePlugin\vendor\cakephp\cakephp\src\Error\BaseErrorHandler.php(164): Cake\Error\BaseErrorHandler->handleException(Object(Cake\Routing\Exception\MissingControllerException))
#10 [internal function]: Cake\Error\BaseErrorHandler->wrapAndHandleException(Object(Cake\Routing\Exception\MissingControllerException))
#11 {main} in [C:\wamp64\www\CakePlugin\vendor\cakephp\cakephp\src\Error\ErrorHandler.php, line 156]


2016-09-28 09:07:32 Error: Fatal Error (256): [Cake\Core\Exception\MissingPluginException] Plugin Posts could not be found.
#0 C:\wamp64\www\CakePlugin\vendor\cakephp\cakephp\src\Core\App.php(190): Cake\Core\Plugin::classPath('Posts')
#1 C:\wamp64\www\CakePlugin\vendor\cakephp\cakephp\src\View\View.php(1264): Cake\Core\App::path('Template', 'Posts')
#2 C:\wamp64\www\CakePlugin\vendor\cakephp\cakephp\src\View\View.php(1083): Cake\View\View->_paths('Posts')
#3 C:\wamp64\www\CakePlugin\vendor\cakephp\cakephp\src\View\View.php(585): Cake\View\View->_getViewFileName('Error\\error500')
#4 C:\wamp64\www\CakePlugin\vendor\cakephp\cakephp\src\Error\ExceptionRenderer.php(366): Cake\View\View->render('error500', 'error')
#5 C:\wamp64\www\CakePlugin\vendor\cakephp\cakephp\src\Error\ExceptionRenderer.php(343): Cake\Error\ExceptionRenderer->_outputMessageSafe('error500')
#6 C:\wamp64\www\CakePlugin\vendor\cakephp\cakephp\src\Error\ExceptionRenderer.php(194): Cake\Error\ExceptionRenderer->_outputMessage('fatalError')
#7 C:\wamp64\www\CakePlugin\vendor\cakephp\cakephp\s in [C:\wamp64\www\CakePlugin\vendor\cakephp\cakephp\src\Error\ErrorHandler.php, line 156]


2016-09-28 09:10:35 Error: [Cake\Routing\Exception\MissingControllerException] Controller class Edit could not be found.
Exception Attributes: array (
  'class' => 'Edit',
  'plugin' => 'Postit',
  'prefix' => NULL,
  '_ext' => NULL,
)
Request URL: /posts/edit?id=1
Referer URL: http://cakeplugin:8080/home
Stack Trace:
#0 C:\wamp64\www\CakePlugin\webroot\index.php(36): Cake\Routing\Dispatcher->dispatch(Object(Cake\Network\Request), Object(Cake\Network\Response))
#1 {main}


2016-09-28 09:11:25 Error: [Cake\Routing\Exception\MissingControllerException] Controller class Edit could not be found.
Exception Attributes: array (
  'class' => 'Edit',
  'plugin' => 'Postit',
  'prefix' => NULL,
  '_ext' => NULL,
)
Request URL: /posts/edit?id=1
Referer URL: http://cakeplugin:8080/home
Stack Trace:
#0 C:\wamp64\www\CakePlugin\webroot\index.php(36): Cake\Routing\Dispatcher->dispatch(Object(Cake\Network\Request), Object(Cake\Network\Response))
#1 {main}


2016-09-28 09:11:34 Error: [Cake\Routing\Exception\MissingControllerException] Controller class Posts could not be found.
Exception Attributes: array (
  'class' => 'Posts',
  'plugin' => 'Postit',
  'prefix' => NULL,
  '_ext' => NULL,
)
Request URL: /posts/posts/edit?id=1
Referer URL: http://cakeplugin:8080/home
Stack Trace:
#0 C:\wamp64\www\CakePlugin\webroot\index.php(36): Cake\Routing\Dispatcher->dispatch(Object(Cake\Network\Request), Object(Cake\Network\Response))
#1 {main}


2016-09-28 09:13:24 Error: [Cake\Routing\Exception\MissingControllerException] Controller class Posts could not be found.
Exception Attributes: array (
  'class' => 'Posts',
  'plugin' => 'Postit',
  'prefix' => NULL,
  '_ext' => NULL,
)
Request URL: /posts/posts/edit?id=1
Referer URL: http://cakeplugin:8080/home
Stack Trace:
#0 C:\wamp64\www\CakePlugin\webroot\index.php(36): Cake\Routing\Dispatcher->dispatch(Object(Cake\Network\Request), Object(Cake\Network\Response))
#1 {main}


2016-09-28 09:13:27 Warning: Warning (2): include(PostsController.php): failed to open stream: No such file or directory in [C:\wamp64\www\CakePlugin\src\Controller\HomeController.php, line 14]
Request URL: /home
Trace:
Cake\Error\BaseErrorHandler::handleError() - CORE\src\Error\BaseErrorHandler.php, line 146
include - APP/Controller\HomeController.php, line 14
App\Controller\HomeController::index() - APP/Controller\HomeController.php, line 14
Cake\Controller\Controller::invokeAction() - CORE\src\Controller\Controller.php, line 435
Cake\Routing\Dispatcher::_invoke() - CORE\src\Routing\Dispatcher.php, line 115
Cake\Routing\Dispatcher::dispatch() - CORE\src\Routing\Dispatcher.php, line 88
[main] - ROOT\webroot\index.php, line 36



2016-09-28 09:13:27 Warning: Warning (2): include() [<a href='http://php.net/function.include'>function.include</a>]: Failed opening 'PostsController.php' for inclusion (include_path='.;C:\php\pear') in [C:\wamp64\www\CakePlugin\src\Controller\HomeController.php, line 14]
Request URL: /home
Trace:
Cake\Error\BaseErrorHandler::handleError() - CORE\src\Error\BaseErrorHandler.php, line 146
include - APP/Controller\HomeController.php, line 14
App\Controller\HomeController::index() - APP/Controller\HomeController.php, line 14
Cake\Controller\Controller::invokeAction() - CORE\src\Controller\Controller.php, line 435
Cake\Routing\Dispatcher::_invoke() - CORE\src\Routing\Dispatcher.php, line 115
Cake\Routing\Dispatcher::dispatch() - CORE\src\Routing\Dispatcher.php, line 88
[main] - ROOT\webroot\index.php, line 36



2016-09-28 09:13:28 Warning: Headers already sent in C:\wamp64\www\CakePlugin\vendor\cakephp\cakephp\src\Error\Debugger.php:753
2016-09-28 09:13:43 Error: [Cake\Routing\Exception\MissingControllerException] Controller class Posts could not be found.
Exception Attributes: array (
  'class' => 'Posts',
  'plugin' => 'Postit',
  'prefix' => NULL,
  '_ext' => NULL,
)
Request URL: /posts/posts/edit?id=1
Referer URL: http://cakeplugin:8080/home
Stack Trace:
#0 C:\wamp64\www\CakePlugin\webroot\index.php(36): Cake\Routing\Dispatcher->dispatch(Object(Cake\Network\Request), Object(Cake\Network\Response))
#1 {main}


2016-09-28 09:15:07 Error: [Cake\Routing\Exception\MissingControllerException] Controller class Posts could not be found.
Exception Attributes: array (
  'class' => 'Posts',
  'plugin' => 'Postit',
  'prefix' => NULL,
  '_ext' => NULL,
)
Request URL: /posts/posts/edit?id=1
Referer URL: http://cakeplugin:8080/home
Stack Trace:
#0 C:\wamp64\www\CakePlugin\webroot\index.php(36): Cake\Routing\Dispatcher->dispatch(Object(Cake\Network\Request), Object(Cake\Network\Response))
#1 {main}


2016-09-28 09:15:11 Warning: Warning (2): include(PostsController.php): failed to open stream: No such file or directory in [C:\wamp64\www\CakePlugin\src\Controller\HomeController.php, line 14]
Request URL: /home
Trace:
Cake\Error\BaseErrorHandler::handleError() - CORE\src\Error\BaseErrorHandler.php, line 146
include - APP/Controller\HomeController.php, line 14
App\Controller\HomeController::index() - APP/Controller\HomeController.php, line 14
Cake\Controller\Controller::invokeAction() - CORE\src\Controller\Controller.php, line 435
Cake\Routing\Dispatcher::_invoke() - CORE\src\Routing\Dispatcher.php, line 115
Cake\Routing\Dispatcher::dispatch() - CORE\src\Routing\Dispatcher.php, line 88
[main] - ROOT\webroot\index.php, line 36



2016-09-28 09:15:11 Warning: Warning (2): include() [<a href='http://php.net/function.include'>function.include</a>]: Failed opening 'PostsController.php' for inclusion (include_path='.;C:\php\pear') in [C:\wamp64\www\CakePlugin\src\Controller\HomeController.php, line 14]
Request URL: /home
Trace:
Cake\Error\BaseErrorHandler::handleError() - CORE\src\Error\BaseErrorHandler.php, line 146
include - APP/Controller\HomeController.php, line 14
App\Controller\HomeController::index() - APP/Controller\HomeController.php, line 14
Cake\Controller\Controller::invokeAction() - CORE\src\Controller\Controller.php, line 435
Cake\Routing\Dispatcher::_invoke() - CORE\src\Routing\Dispatcher.php, line 115
Cake\Routing\Dispatcher::dispatch() - CORE\src\Routing\Dispatcher.php, line 88
[main] - ROOT\webroot\index.php, line 36



2016-09-28 09:15:12 Warning: Headers already sent in C:\wamp64\www\CakePlugin\vendor\cakephp\cakephp\src\Error\Debugger.php:753
2016-09-28 09:15:14 Error: [Cake\Routing\Exception\MissingControllerException] Controller class Posts could not be found.
Exception Attributes: array (
  'class' => 'Posts',
  'plugin' => 'Postit',
  'prefix' => NULL,
  '_ext' => NULL,
)
Request URL: /posts/posts/edit?id=1
Referer URL: http://cakeplugin:8080/home
Stack Trace:
#0 C:\wamp64\www\CakePlugin\webroot\index.php(36): Cake\Routing\Dispatcher->dispatch(Object(Cake\Network\Request), Object(Cake\Network\Response))
#1 {main}


